<html>
<head>
<title>TestNG:  Default test</title>
<link href="../testng.css" rel="stylesheet" type="text/css" />
<link href="../my-testng.css" rel="stylesheet" type="text/css" />

<style type="text/css">
.log { display: none;} 
.stack-trace { display: none;} 
</style>
<script type="text/javascript">
<!--
function flip(e) {
  current = e.style.display;
  if (current == 'block') {
    e.style.display = 'none';
    return 0;
  }
  else {
    e.style.display = 'block';
    return 1;
  }
}

function toggleBox(szDivId, elem, msg1, msg2)
{
  var res = -1;  if (document.getElementById) {
    res = flip(document.getElementById(szDivId));
  }
  else if (document.all) {
    // this is the way old msie versions work
    res = flip(document.all[szDivId]);
  }
  if(elem) {
    if(res == 0) elem.innerHTML = msg1; else elem.innerHTML = msg2;
  }

}

function toggleAllBoxes() {
  if (document.getElementsByTagName) {
    d = document.getElementsByTagName('div');
    for (i = 0; i < d.length; i++) {
      if (d[i].className == 'log') {
        flip(d[i]);
      }
    }
  }
}

// -->
</script>

</head>
<body>
<h2 align='center'>Default test</h2><table border='1' align="center">
<tr>
<td>Tests passed/Failed/Skipped:</td><td>42/5/0</td>
</tr><tr>
<td>Started on:</td><td>Tue Jul 05 15:23:42 CDT 2022</td>
</tr>
<tr><td>Total time:</td><td>271 seconds (271323 ms)</td>
</tr><tr>
<td>Included groups:</td><td></td>
</tr><tr>
<td>Excluded groups:</td><td></td>
</tr>
</table><p/>
<small><i>(Hover the method name to see the test class name)</i></small><p/>
<table width='100%' border='1' class='invocation-failed'>
<tr><td colspan='4' align='center'><b>FAILED TESTS</b></td></tr>
<tr><td><b>Test method</b></td>
<td width="30%"><b>Exception</b></td>
<td width="10%"><b>Time (seconds)</b></td>
<td><b>Instance</b></td>
</tr>
<tr>
<td title='testRunner.AllureReport.runScenario()'><b>runScenario</b><br>Test class: testRunner.AllureReport<br>Test method: Runs Cucumber Scenarios<br>Parameters: "Test if the user is able to register with invalid credentials", "Register functionality"</td>
<td><div><pre>org.openqa.selenium.NoSuchElementException: no such element: Unable to locate element: {&quot;method&quot;:&quot;xpath&quot;,&quot;selector&quot;:&quot; //*[contains(text(), &apos;password_mismatch:The two password fields didn�t match.&apos;)]&quot;}
  (Session info: chrome=103.0.5060.53)
For documentation on this error, please visit: https://selenium.dev/exceptions/#no_such_element
Build info: version: &apos;4.1.4&apos;, revision: &apos;535d840ee2&apos;
System info: host: &apos;ezhilvanans-mbp.lan&apos;, ip: &apos;fd17:1e2f:be87:0:1024:7538:52c9:871f%en0&apos;, os.name: &apos;Mac OS X&apos;, os.arch: &apos;x86_64&apos;, os.version: &apos;10.16&apos;, java.version: &apos;14.0.2&apos;
Driver info: org.openqa.selenium.chrome.ChromeDriver
Command: [2ac7916dc2f8dcdee9727f0b634f9273, findElement {using=xpath, value= //*[contains(text(), &apos;password_mismatch:The two password fields didn�t match.&apos;)]}]
Capabilities {acceptInsecureCerts: false, browserName: chrome, browserVersion: 103.0.5060.53, chrome: {chromedriverVersion: 103.0.5060.53 (a1711811edd7..., userDataDir: /var/folders/gx/lmv3snzd457...}, goog:chromeOptions: {debuggerAddress: localhost:57056}, javascriptEnabled: true, networkConnectionEnabled: false, pageLoadStrategy: normal, platform: MAC, platformName: MAC, proxy: Proxy(), se:cdp: ws://localhost:57056/devtoo..., se:cdpVersion: 103.0.5060.53, setWindowRect: true, strictFileInteractability: false, timeouts: {implicit: 0, pageLoad: 300000, script: 30000}, unhandledPromptBehavior: dismiss and notify, webauthn:extension:credBlob: true, webauthn:extension:largeBlob: true, webauthn:virtualAuthenticators: true}
Session ID: 2ac7916dc2f8dcdee9727f0b634f9273
	at java.base/jdk.internal.reflect.NativeConstructorAccessorImpl.newInstance0(Native Method)
	at java.base/jdk.internal.reflect.NativeConstructorAccessorImpl.newInstance(NativeConstructorAccessorImpl.java:62)
	at java.base/jdk.internal.reflect.DelegatingConstructorAccessorImpl.newInstance(DelegatingConstructorAccessorImpl.java:45)
	at java.base/java.lang.reflect.Constructor.newInstanceWithCaller(Constructor.java:500)
	at java.base/java.lang.reflect.Constructor.newInstance(Constructor.java:481)
	at org.openqa.selenium.remote.codec.w3c.W3CHttpResponseCodec.createException(W3CHttpResponseCodec.java:200)
	at org.openqa.selenium.remote.codec.w3c.W3CHttpResponseCodec.decode(W3CHttpResponseCodec.java:133)
	at org.openqa.selenium.remote.codec.w3c.W3CHttpResponseCodec.decode(W3CHttpResponseCodec.java:53)
	at org.openqa.selenium.remote.HttpCommandExecutor.execute(HttpCommandExecutor.java:184)
	at org.openqa.selenium.remote.service.DriverCommandExecutor.invokeExecute(DriverCommandExecutor.java:167)
	at org.openqa.selenium.remote.service.DriverCommandExecutor.execute(DriverCommandExecutor.java:142)
	at org.openqa.selenium.remote.RemoteWebDriver.execute(RemoteWebDriver.java:567)
	at org.openqa.selenium.remote.ElementLocation$ElementFinder$2.findElement(ElementLocation.java:162)
	at org.openqa.selenium.remote.ElementLocation.findElement(ElementLocation.java:60)
	at org.openqa.selenium.remote.RemoteWebDriver.findElement(RemoteWebDriver.java:385)
	at org.openqa.selenium.remote.RemoteWebDriver.findElement(RemoteWebDriver.java:377)
	at org.openqa.selenium.support.pagefactory.DefaultElementLocator.findElement(DefaultElementLocator.java:70)
	at org.openqa.selenium.support.pagefactory.internal.LocatingElementHandler.invoke(LocatingElementHandler.java:39)
	at com.sun.proxy.$Proxy27.getText(Unknown Source)
	at pageClasses.Registerpageclass.passwordmismatcherror(Registerpageclass.java:95)
	at stepDefinition.Reg.an_error_message_should_be_displayed_in_the_register_page(Reg.java:72)
	at ✽.An error message &quot;password mismatch&quot; should be displayed in the register page(file:///Users/ezhilvanan/eclipse-workspace/SDET/DS_AlgoAll/src/test/resources/feature/Registerss.feature:33)
</pre></div><a href='#' onClick='toggleBox("stack-trace1373527802", this, "Click to show all stack frames", "Click to hide stack frames")'>Click to show all stack frames</a>
<div class='stack-trace' id='stack-trace1373527802'><pre>org.openqa.selenium.NoSuchElementException: no such element: Unable to locate element: {&quot;method&quot;:&quot;xpath&quot;,&quot;selector&quot;:&quot; //*[contains(text(), &apos;password_mismatch:The two password fields didn�t match.&apos;)]&quot;}
  (Session info: chrome=103.0.5060.53)
For documentation on this error, please visit: https://selenium.dev/exceptions/#no_such_element
Build info: version: &apos;4.1.4&apos;, revision: &apos;535d840ee2&apos;
System info: host: &apos;ezhilvanans-mbp.lan&apos;, ip: &apos;fd17:1e2f:be87:0:1024:7538:52c9:871f%en0&apos;, os.name: &apos;Mac OS X&apos;, os.arch: &apos;x86_64&apos;, os.version: &apos;10.16&apos;, java.version: &apos;14.0.2&apos;
Driver info: org.openqa.selenium.chrome.ChromeDriver
Command: [2ac7916dc2f8dcdee9727f0b634f9273, findElement {using=xpath, value= //*[contains(text(), &apos;password_mismatch:The two password fields didn�t match.&apos;)]}]
Capabilities {acceptInsecureCerts: false, browserName: chrome, browserVersion: 103.0.5060.53, chrome: {chromedriverVersion: 103.0.5060.53 (a1711811edd7..., userDataDir: /var/folders/gx/lmv3snzd457...}, goog:chromeOptions: {debuggerAddress: localhost:57056}, javascriptEnabled: true, networkConnectionEnabled: false, pageLoadStrategy: normal, platform: MAC, platformName: MAC, proxy: Proxy(), se:cdp: ws://localhost:57056/devtoo..., se:cdpVersion: 103.0.5060.53, setWindowRect: true, strictFileInteractability: false, timeouts: {implicit: 0, pageLoad: 300000, script: 30000}, unhandledPromptBehavior: dismiss and notify, webauthn:extension:credBlob: true, webauthn:extension:largeBlob: true, webauthn:virtualAuthenticators: true}
Session ID: 2ac7916dc2f8dcdee9727f0b634f9273
	at java.base/jdk.internal.reflect.NativeConstructorAccessorImpl.newInstance0(Native Method)
	at java.base/jdk.internal.reflect.NativeConstructorAccessorImpl.newInstance(NativeConstructorAccessorImpl.java:62)
	at java.base/jdk.internal.reflect.DelegatingConstructorAccessorImpl.newInstance(DelegatingConstructorAccessorImpl.java:45)
	at java.base/java.lang.reflect.Constructor.newInstanceWithCaller(Constructor.java:500)
	at java.base/java.lang.reflect.Constructor.newInstance(Constructor.java:481)
	at org.openqa.selenium.remote.codec.w3c.W3CHttpResponseCodec.createException(W3CHttpResponseCodec.java:200)
	at org.openqa.selenium.remote.codec.w3c.W3CHttpResponseCodec.decode(W3CHttpResponseCodec.java:133)
	at org.openqa.selenium.remote.codec.w3c.W3CHttpResponseCodec.decode(W3CHttpResponseCodec.java:53)
	at org.openqa.selenium.remote.HttpCommandExecutor.execute(HttpCommandExecutor.java:184)
	at org.openqa.selenium.remote.service.DriverCommandExecutor.invokeExecute(DriverCommandExecutor.java:167)
	at org.openqa.selenium.remote.service.DriverCommandExecutor.execute(DriverCommandExecutor.java:142)
	at org.openqa.selenium.remote.RemoteWebDriver.execute(RemoteWebDriver.java:567)
	at org.openqa.selenium.remote.ElementLocation$ElementFinder$2.findElement(ElementLocation.java:162)
	at org.openqa.selenium.remote.ElementLocation.findElement(ElementLocation.java:60)
	at org.openqa.selenium.remote.RemoteWebDriver.findElement(RemoteWebDriver.java:385)
	at org.openqa.selenium.remote.RemoteWebDriver.findElement(RemoteWebDriver.java:377)
	at org.openqa.selenium.support.pagefactory.DefaultElementLocator.findElement(DefaultElementLocator.java:70)
	at org.openqa.selenium.support.pagefactory.internal.LocatingElementHandler.invoke(LocatingElementHandler.java:39)
	at com.sun.proxy.$Proxy27.getText(Unknown Source)
	at pageClasses.Registerpageclass.passwordmismatcherror(Registerpageclass.java:95)
	at stepDefinition.Reg.an_error_message_should_be_displayed_in_the_register_page(Reg.java:72)
	at ✽.An error message &quot;password mismatch&quot; should be displayed in the register page(file:///Users/ezhilvanan/eclipse-workspace/SDET/DS_AlgoAll/src/test/resources/feature/Registerss.feature:33)
</pre></div></td>
<td>33</td>
<td>testRunner.AllureReport@32eff876</td></tr>
<tr>
<td title='testRunner.AllureReport.runScenario()'><b>runScenario</b><br>Test class: testRunner.AllureReport<br>Test method: Runs Cucumber Scenarios<br>Parameters: "Login to the Application with invalid credentials.", "Title of your feature"</td>
<td><div><pre>java.lang.AssertionError: expected [You are logged in] but found [Invalid Username and Password]
	at org.testng.Assert.fail(Assert.java:110)
	at org.testng.Assert.failNotEquals(Assert.java:1413)
	at org.testng.Assert.assertEqualsImpl(Assert.java:149)
	at org.testng.Assert.assertEquals(Assert.java:131)
	at org.testng.Assert.assertEquals(Assert.java:655)
	at org.testng.Assert.assertEquals(Assert.java:665)
	at stepDefinition.signIn.user_is_logged_in_to_the_home_page_with_a_message(signIn.java:75)
	at ✽.user is logged in to the Home page with a Message &quot;You are logged in&quot;(file:///Users/ezhilvanan/eclipse-workspace/SDET/DS_AlgoAll/src/test/resources/feature/signIn.feature:21)
</pre></div><a href='#' onClick='toggleBox("stack-trace1547714", this, "Click to show all stack frames", "Click to hide stack frames")'>Click to show all stack frames</a>
<div class='stack-trace' id='stack-trace1547714'><pre>java.lang.AssertionError: expected [You are logged in] but found [Invalid Username and Password]
	at org.testng.Assert.fail(Assert.java:110)
	at org.testng.Assert.failNotEquals(Assert.java:1413)
	at org.testng.Assert.assertEqualsImpl(Assert.java:149)
	at org.testng.Assert.assertEquals(Assert.java:131)
	at org.testng.Assert.assertEquals(Assert.java:655)
	at org.testng.Assert.assertEquals(Assert.java:665)
	at stepDefinition.signIn.user_is_logged_in_to_the_home_page_with_a_message(signIn.java:75)
	at ✽.user is logged in to the Home page with a Message &quot;You are logged in&quot;(file:///Users/ezhilvanan/eclipse-workspace/SDET/DS_AlgoAll/src/test/resources/feature/signIn.feature:21)
</pre></div></td>
<td>4</td>
<td>testRunner.AllureReport@32eff876</td></tr>
<tr>
<td title='testRunner.AllureReport.runScenario()'><b>runScenario</b><br>Test class: testRunner.AllureReport<br>Test method: Runs Cucumber Scenarios<br>Parameters: "Test if the user is able to register with invalid credentials", "Register functionality"</td>
<td><div><pre>org.openqa.selenium.NoSuchElementException: no such element: Unable to locate element: {&quot;method&quot;:&quot;xpath&quot;,&quot;selector&quot;:&quot; //*[contains(text(), &apos;password_mismatch:The two password fields didn�t match.&apos;)]&quot;}
  (Session info: chrome=103.0.5060.53)
For documentation on this error, please visit: https://selenium.dev/exceptions/#no_such_element
Build info: version: &apos;4.1.4&apos;, revision: &apos;535d840ee2&apos;
System info: host: &apos;ezhilvanans-mbp.lan&apos;, ip: &apos;fd17:1e2f:be87:0:1024:7538:52c9:871f%en0&apos;, os.name: &apos;Mac OS X&apos;, os.arch: &apos;x86_64&apos;, os.version: &apos;10.16&apos;, java.version: &apos;14.0.2&apos;
Driver info: org.openqa.selenium.chrome.ChromeDriver
Command: [b1eaeb4764f97fc8189c61d851ffbc59, findElement {using=xpath, value= //*[contains(text(), &apos;password_mismatch:The two password fields didn�t match.&apos;)]}]
Capabilities {acceptInsecureCerts: false, browserName: chrome, browserVersion: 103.0.5060.53, chrome: {chromedriverVersion: 103.0.5060.53 (a1711811edd7..., userDataDir: /var/folders/gx/lmv3snzd457...}, goog:chromeOptions: {debuggerAddress: localhost:57091}, javascriptEnabled: true, networkConnectionEnabled: false, pageLoadStrategy: normal, platform: MAC, platformName: MAC, proxy: Proxy(), se:cdp: ws://localhost:57091/devtoo..., se:cdpVersion: 103.0.5060.53, setWindowRect: true, strictFileInteractability: false, timeouts: {implicit: 0, pageLoad: 300000, script: 30000}, unhandledPromptBehavior: dismiss and notify, webauthn:extension:credBlob: true, webauthn:extension:largeBlob: true, webauthn:virtualAuthenticators: true}
Session ID: b1eaeb4764f97fc8189c61d851ffbc59
	at java.base/jdk.internal.reflect.NativeConstructorAccessorImpl.newInstance0(Native Method)
	at java.base/jdk.internal.reflect.NativeConstructorAccessorImpl.newInstance(NativeConstructorAccessorImpl.java:62)
	at java.base/jdk.internal.reflect.DelegatingConstructorAccessorImpl.newInstance(DelegatingConstructorAccessorImpl.java:45)
	at java.base/java.lang.reflect.Constructor.newInstanceWithCaller(Constructor.java:500)
	at java.base/java.lang.reflect.Constructor.newInstance(Constructor.java:481)
	at org.openqa.selenium.remote.codec.w3c.W3CHttpResponseCodec.createException(W3CHttpResponseCodec.java:200)
	at org.openqa.selenium.remote.codec.w3c.W3CHttpResponseCodec.decode(W3CHttpResponseCodec.java:133)
	at org.openqa.selenium.remote.codec.w3c.W3CHttpResponseCodec.decode(W3CHttpResponseCodec.java:53)
	at org.openqa.selenium.remote.HttpCommandExecutor.execute(HttpCommandExecutor.java:184)
	at org.openqa.selenium.remote.service.DriverCommandExecutor.invokeExecute(DriverCommandExecutor.java:167)
	at org.openqa.selenium.remote.service.DriverCommandExecutor.execute(DriverCommandExecutor.java:142)
	at org.openqa.selenium.remote.RemoteWebDriver.execute(RemoteWebDriver.java:567)
	at org.openqa.selenium.remote.ElementLocation$ElementFinder$2.findElement(ElementLocation.java:162)
	at org.openqa.selenium.remote.ElementLocation.findElement(ElementLocation.java:60)
	at org.openqa.selenium.remote.RemoteWebDriver.findElement(RemoteWebDriver.java:385)
	at org.openqa.selenium.remote.RemoteWebDriver.findElement(RemoteWebDriver.java:377)
	at org.openqa.selenium.support.pagefactory.DefaultElementLocator.findElement(DefaultElementLocator.java:70)
	at org.openqa.selenium.support.pagefactory.internal.LocatingElementHandler.invoke(LocatingElementHandler.java:39)
	at com.sun.proxy.$Proxy27.getText(Unknown Source)
	at pageClasses.Registerpageclass.passwordmismatcherror(Registerpageclass.java:95)
	at stepDefinition.Reg.an_error_message_should_be_displayed_in_the_register_page(Reg.java:72)
	at ✽.An error message &quot;password mismatch&quot; should be displayed in the register page(file:///Users/ezhilvanan/eclipse-workspace/SDET/DS_AlgoAll/src/test/resources/feature/Registerss.feature:33)
</pre></div><a href='#' onClick='toggleBox("stack-trace1597889670", this, "Click to show all stack frames", "Click to hide stack frames")'>Click to show all stack frames</a>
<div class='stack-trace' id='stack-trace1597889670'><pre>org.openqa.selenium.NoSuchElementException: no such element: Unable to locate element: {&quot;method&quot;:&quot;xpath&quot;,&quot;selector&quot;:&quot; //*[contains(text(), &apos;password_mismatch:The two password fields didn�t match.&apos;)]&quot;}
  (Session info: chrome=103.0.5060.53)
For documentation on this error, please visit: https://selenium.dev/exceptions/#no_such_element
Build info: version: &apos;4.1.4&apos;, revision: &apos;535d840ee2&apos;
System info: host: &apos;ezhilvanans-mbp.lan&apos;, ip: &apos;fd17:1e2f:be87:0:1024:7538:52c9:871f%en0&apos;, os.name: &apos;Mac OS X&apos;, os.arch: &apos;x86_64&apos;, os.version: &apos;10.16&apos;, java.version: &apos;14.0.2&apos;
Driver info: org.openqa.selenium.chrome.ChromeDriver
Command: [b1eaeb4764f97fc8189c61d851ffbc59, findElement {using=xpath, value= //*[contains(text(), &apos;password_mismatch:The two password fields didn�t match.&apos;)]}]
Capabilities {acceptInsecureCerts: false, browserName: chrome, browserVersion: 103.0.5060.53, chrome: {chromedriverVersion: 103.0.5060.53 (a1711811edd7..., userDataDir: /var/folders/gx/lmv3snzd457...}, goog:chromeOptions: {debuggerAddress: localhost:57091}, javascriptEnabled: true, networkConnectionEnabled: false, pageLoadStrategy: normal, platform: MAC, platformName: MAC, proxy: Proxy(), se:cdp: ws://localhost:57091/devtoo..., se:cdpVersion: 103.0.5060.53, setWindowRect: true, strictFileInteractability: false, timeouts: {implicit: 0, pageLoad: 300000, script: 30000}, unhandledPromptBehavior: dismiss and notify, webauthn:extension:credBlob: true, webauthn:extension:largeBlob: true, webauthn:virtualAuthenticators: true}
Session ID: b1eaeb4764f97fc8189c61d851ffbc59
	at java.base/jdk.internal.reflect.NativeConstructorAccessorImpl.newInstance0(Native Method)
	at java.base/jdk.internal.reflect.NativeConstructorAccessorImpl.newInstance(NativeConstructorAccessorImpl.java:62)
	at java.base/jdk.internal.reflect.DelegatingConstructorAccessorImpl.newInstance(DelegatingConstructorAccessorImpl.java:45)
	at java.base/java.lang.reflect.Constructor.newInstanceWithCaller(Constructor.java:500)
	at java.base/java.lang.reflect.Constructor.newInstance(Constructor.java:481)
	at org.openqa.selenium.remote.codec.w3c.W3CHttpResponseCodec.createException(W3CHttpResponseCodec.java:200)
	at org.openqa.selenium.remote.codec.w3c.W3CHttpResponseCodec.decode(W3CHttpResponseCodec.java:133)
	at org.openqa.selenium.remote.codec.w3c.W3CHttpResponseCodec.decode(W3CHttpResponseCodec.java:53)
	at org.openqa.selenium.remote.HttpCommandExecutor.execute(HttpCommandExecutor.java:184)
	at org.openqa.selenium.remote.service.DriverCommandExecutor.invokeExecute(DriverCommandExecutor.java:167)
	at org.openqa.selenium.remote.service.DriverCommandExecutor.execute(DriverCommandExecutor.java:142)
	at org.openqa.selenium.remote.RemoteWebDriver.execute(RemoteWebDriver.java:567)
	at org.openqa.selenium.remote.ElementLocation$ElementFinder$2.findElement(ElementLocation.java:162)
	at org.openqa.selenium.remote.ElementLocation.findElement(ElementLocation.java:60)
	at org.openqa.selenium.remote.RemoteWebDriver.findElement(RemoteWebDriver.java:385)
	at org.openqa.selenium.remote.RemoteWebDriver.findElement(RemoteWebDriver.java:377)
	at org.openqa.selenium.support.pagefactory.DefaultElementLocator.findElement(DefaultElementLocator.java:70)
	at org.openqa.selenium.support.pagefactory.internal.LocatingElementHandler.invoke(LocatingElementHandler.java:39)
	at com.sun.proxy.$Proxy27.getText(Unknown Source)
	at pageClasses.Registerpageclass.passwordmismatcherror(Registerpageclass.java:95)
	at stepDefinition.Reg.an_error_message_should_be_displayed_in_the_register_page(Reg.java:72)
	at ✽.An error message &quot;password mismatch&quot; should be displayed in the register page(file:///Users/ezhilvanan/eclipse-workspace/SDET/DS_AlgoAll/src/test/resources/feature/Registerss.feature:33)
</pre></div></td>
<td>33</td>
<td>testRunner.AllureReport@32eff876</td></tr>
<tr>
<td title='testRunner.AllureReport.runScenario()'><b>runScenario</b><br>Test class: testRunner.AllureReport<br>Test method: Runs Cucumber Scenarios<br>Parameters: "Test the navigation of Practice Questions in data structure introduction page", "Data Structure Introduction page functionality"</td>
<td><div><pre>java.lang.AssertionError: expected [Practice Questions] but found [Practicequestions]
	at org.testng.Assert.fail(Assert.java:110)
	at org.testng.Assert.failNotEquals(Assert.java:1413)
	at org.testng.Assert.assertEqualsImpl(Assert.java:149)
	at org.testng.Assert.assertEquals(Assert.java:131)
	at org.testng.Assert.assertEquals(Assert.java:655)
	at org.testng.Assert.assertEquals(Assert.java:665)
	at stepDefinition.Datastructureintro.the_user_should_be_navigated_to_the_practice_questions_page(Datastructureintro.java:119)
	at ✽.The user should be navigated to the Practice Questions page(file:///Users/ezhilvanan/eclipse-workspace/SDET/DS_AlgoAll/src/test/resources/feature/Datastructureintro.feature:63)
</pre></div><a href='#' onClick='toggleBox("stack-trace744983675", this, "Click to show all stack frames", "Click to hide stack frames")'>Click to show all stack frames</a>
<div class='stack-trace' id='stack-trace744983675'><pre>java.lang.AssertionError: expected [Practice Questions] but found [Practicequestions]
	at org.testng.Assert.fail(Assert.java:110)
	at org.testng.Assert.failNotEquals(Assert.java:1413)
	at org.testng.Assert.assertEqualsImpl(Assert.java:149)
	at org.testng.Assert.assertEquals(Assert.java:131)
	at org.testng.Assert.assertEquals(Assert.java:655)
	at org.testng.Assert.assertEquals(Assert.java:665)
	at stepDefinition.Datastructureintro.the_user_should_be_navigated_to_the_practice_questions_page(Datastructureintro.java:119)
	at ✽.The user should be navigated to the Practice Questions page(file:///Users/ezhilvanan/eclipse-workspace/SDET/DS_AlgoAll/src/test/resources/feature/Datastructureintro.feature:63)
</pre></div></td>
<td>4</td>
<td>testRunner.AllureReport@32eff876</td></tr>
<tr>
<td title='testRunner.AllureReport.runScenario()'><b>runScenario</b><br>Test class: testRunner.AllureReport<br>Test method: Runs Cucumber Scenarios<br>Parameters: "Test if the try editor is working in the Time Complexity page", "Data Structure Introduction page functionality"</td>
<td><div><pre>org.openqa.selenium.ElementNotInteractableException: element not interactable
  (Session info: chrome=103.0.5060.53)
Build info: version: &apos;4.1.4&apos;, revision: &apos;535d840ee2&apos;
System info: host: &apos;ezhilvanans-mbp.lan&apos;, ip: &apos;fd17:1e2f:be87:0:1024:7538:52c9:871f%en0&apos;, os.name: &apos;Mac OS X&apos;, os.arch: &apos;x86_64&apos;, os.version: &apos;10.16&apos;, java.version: &apos;14.0.2&apos;
Driver info: org.openqa.selenium.chrome.ChromeDriver
Command: [d53bf8654fb497a3cdd66f888efb0c38, sendKeysToElement {id=69dd8941-e47e-4907-b31f-c2ddd944bc34, value=[Ljava.lang.CharSequence;@61d2f267}]
Capabilities {acceptInsecureCerts: false, browserName: chrome, browserVersion: 103.0.5060.53, chrome: {chromedriverVersion: 103.0.5060.53 (a1711811edd7..., userDataDir: /var/folders/gx/lmv3snzd457...}, goog:chromeOptions: {debuggerAddress: localhost:56965}, javascriptEnabled: true, networkConnectionEnabled: false, pageLoadStrategy: normal, platform: MAC, platformName: MAC, proxy: Proxy(), se:cdp: ws://localhost:56965/devtoo..., se:cdpVersion: 103.0.5060.53, setWindowRect: true, strictFileInteractability: false, timeouts: {implicit: 0, pageLoad: 300000, script: 30000}, unhandledPromptBehavior: dismiss and notify, webauthn:extension:credBlob: true, webauthn:extension:largeBlob: true, webauthn:virtualAuthenticators: true}
Element: [[ChromeDriver: chrome on MAC (d53bf8654fb497a3cdd66f888efb0c38)] -&gt; xpath: //pre[@class=&apos; CodeMirror-line &apos;]]
Session ID: d53bf8654fb497a3cdd66f888efb0c38
	at java.base/jdk.internal.reflect.NativeConstructorAccessorImpl.newInstance0(Native Method)
	at java.base/jdk.internal.reflect.NativeConstructorAccessorImpl.newInstance(NativeConstructorAccessorImpl.java:62)
	at java.base/jdk.internal.reflect.DelegatingConstructorAccessorImpl.newInstance(DelegatingConstructorAccessorImpl.java:45)
	at java.base/java.lang.reflect.Constructor.newInstanceWithCaller(Constructor.java:500)
	at java.base/java.lang.reflect.Constructor.newInstance(Constructor.java:481)
	at org.openqa.selenium.remote.codec.w3c.W3CHttpResponseCodec.createException(W3CHttpResponseCodec.java:200)
	at org.openqa.selenium.remote.codec.w3c.W3CHttpResponseCodec.decode(W3CHttpResponseCodec.java:133)
	at org.openqa.selenium.remote.codec.w3c.W3CHttpResponseCodec.decode(W3CHttpResponseCodec.java:53)
	at org.openqa.selenium.remote.HttpCommandExecutor.execute(HttpCommandExecutor.java:184)
	at org.openqa.selenium.remote.service.DriverCommandExecutor.invokeExecute(DriverCommandExecutor.java:167)
	at org.openqa.selenium.remote.service.DriverCommandExecutor.execute(DriverCommandExecutor.java:142)
	at org.openqa.selenium.remote.RemoteWebDriver.execute(RemoteWebDriver.java:567)
	at org.openqa.selenium.remote.RemoteWebElement.execute(RemoteWebElement.java:251)
	at org.openqa.selenium.remote.RemoteWebElement.sendKeys(RemoteWebElement.java:107)
	at java.base/jdk.internal.reflect.NativeMethodAccessorImpl.invoke0(Native Method)
	at java.base/jdk.internal.reflect.NativeMethodAccessorImpl.invoke(NativeMethodAccessorImpl.java:62)
	at java.base/jdk.internal.reflect.DelegatingMethodAccessorImpl.invoke(DelegatingMethodAccessorImpl.java:43)
	at java.base/java.lang.reflect.Method.invoke(Method.java:564)
	at org.openqa.selenium.support.pagefactory.internal.LocatingElementHandler.invoke(LocatingElementHandler.java:52)
	at com.sun.proxy.$Proxy27.sendKeys(Unknown Source)
	at pageClasses.Datastrucintropageclass.tryeditorclick(Datastrucintropageclass.java:113)
	at stepDefinition.Datastructureintro.the_user_enters_the_input_and_clicks_run(Datastructureintro.java:102)
	at ✽.The user enters the input and clicks Run(file:///Users/ezhilvanan/eclipse-workspace/SDET/DS_AlgoAll/src/test/resources/feature/Datastructureintro.feature:52)
</pre></div><a href='#' onClick='toggleBox("stack-trace863351064", this, "Click to show all stack frames", "Click to hide stack frames")'>Click to show all stack frames</a>
<div class='stack-trace' id='stack-trace863351064'><pre>org.openqa.selenium.ElementNotInteractableException: element not interactable
  (Session info: chrome=103.0.5060.53)
Build info: version: &apos;4.1.4&apos;, revision: &apos;535d840ee2&apos;
System info: host: &apos;ezhilvanans-mbp.lan&apos;, ip: &apos;fd17:1e2f:be87:0:1024:7538:52c9:871f%en0&apos;, os.name: &apos;Mac OS X&apos;, os.arch: &apos;x86_64&apos;, os.version: &apos;10.16&apos;, java.version: &apos;14.0.2&apos;
Driver info: org.openqa.selenium.chrome.ChromeDriver
Command: [d53bf8654fb497a3cdd66f888efb0c38, sendKeysToElement {id=69dd8941-e47e-4907-b31f-c2ddd944bc34, value=[Ljava.lang.CharSequence;@61d2f267}]
Capabilities {acceptInsecureCerts: false, browserName: chrome, browserVersion: 103.0.5060.53, chrome: {chromedriverVersion: 103.0.5060.53 (a1711811edd7..., userDataDir: /var/folders/gx/lmv3snzd457...}, goog:chromeOptions: {debuggerAddress: localhost:56965}, javascriptEnabled: true, networkConnectionEnabled: false, pageLoadStrategy: normal, platform: MAC, platformName: MAC, proxy: Proxy(), se:cdp: ws://localhost:56965/devtoo..., se:cdpVersion: 103.0.5060.53, setWindowRect: true, strictFileInteractability: false, timeouts: {implicit: 0, pageLoad: 300000, script: 30000}, unhandledPromptBehavior: dismiss and notify, webauthn:extension:credBlob: true, webauthn:extension:largeBlob: true, webauthn:virtualAuthenticators: true}
Element: [[ChromeDriver: chrome on MAC (d53bf8654fb497a3cdd66f888efb0c38)] -&gt; xpath: //pre[@class=&apos; CodeMirror-line &apos;]]
Session ID: d53bf8654fb497a3cdd66f888efb0c38
	at java.base/jdk.internal.reflect.NativeConstructorAccessorImpl.newInstance0(Native Method)
	at java.base/jdk.internal.reflect.NativeConstructorAccessorImpl.newInstance(NativeConstructorAccessorImpl.java:62)
	at java.base/jdk.internal.reflect.DelegatingConstructorAccessorImpl.newInstance(DelegatingConstructorAccessorImpl.java:45)
	at java.base/java.lang.reflect.Constructor.newInstanceWithCaller(Constructor.java:500)
	at java.base/java.lang.reflect.Constructor.newInstance(Constructor.java:481)
	at org.openqa.selenium.remote.codec.w3c.W3CHttpResponseCodec.createException(W3CHttpResponseCodec.java:200)
	at org.openqa.selenium.remote.codec.w3c.W3CHttpResponseCodec.decode(W3CHttpResponseCodec.java:133)
	at org.openqa.selenium.remote.codec.w3c.W3CHttpResponseCodec.decode(W3CHttpResponseCodec.java:53)
	at org.openqa.selenium.remote.HttpCommandExecutor.execute(HttpCommandExecutor.java:184)
	at org.openqa.selenium.remote.service.DriverCommandExecutor.invokeExecute(DriverCommandExecutor.java:167)
	at org.openqa.selenium.remote.service.DriverCommandExecutor.execute(DriverCommandExecutor.java:142)
	at org.openqa.selenium.remote.RemoteWebDriver.execute(RemoteWebDriver.java:567)
	at org.openqa.selenium.remote.RemoteWebElement.execute(RemoteWebElement.java:251)
	at org.openqa.selenium.remote.RemoteWebElement.sendKeys(RemoteWebElement.java:107)
	at java.base/jdk.internal.reflect.NativeMethodAccessorImpl.invoke0(Native Method)
	at java.base/jdk.internal.reflect.NativeMethodAccessorImpl.invoke(NativeMethodAccessorImpl.java:62)
	at java.base/jdk.internal.reflect.DelegatingMethodAccessorImpl.invoke(DelegatingMethodAccessorImpl.java:43)
	at java.base/java.lang.reflect.Method.invoke(Method.java:564)
	at org.openqa.selenium.support.pagefactory.internal.LocatingElementHandler.invoke(LocatingElementHandler.java:52)
	at com.sun.proxy.$Proxy27.sendKeys(Unknown Source)
	at pageClasses.Datastrucintropageclass.tryeditorclick(Datastrucintropageclass.java:113)
	at stepDefinition.Datastructureintro.the_user_enters_the_input_and_clicks_run(Datastructureintro.java:102)
	at ✽.The user enters the input and clicks Run(file:///Users/ezhilvanan/eclipse-workspace/SDET/DS_AlgoAll/src/test/resources/feature/Datastructureintro.feature:52)
</pre></div></td>
<td>4</td>
<td>testRunner.AllureReport@32eff876</td></tr>
</table><p>
<table width='100%' border='1' class='invocation-passed'>
<tr><td colspan='4' align='center'><b>PASSED TESTS</b></td></tr>
<tr><td><b>Test method</b></td>
<td width="30%"><b>Exception</b></td>
<td width="10%"><b>Time (seconds)</b></td>
<td><b>Instance</b></td>
</tr>
<tr>
<td title='testRunner.AllureReport.runScenario()'><b>runScenario</b><br>Test class: testRunner.AllureReport<br>Test method: Runs Cucumber Scenarios<br>Parameters: "", "Linked List"</td>
<td></td>
<td>4</td>
<td>testRunner.AllureReport@32eff876</td></tr>
<tr>
<td title='testRunner.AllureReport.runScenario()'><b>runScenario</b><br>Test class: testRunner.AllureReport<br>Test method: Runs Cucumber Scenarios<br>Parameters: "", "Linked List"</td>
<td></td>
<td>4</td>
<td>testRunner.AllureReport@32eff876</td></tr>
<tr>
<td title='testRunner.AllureReport.runScenario()'><b>runScenario</b><br>Test class: testRunner.AllureReport<br>Test method: Runs Cucumber Scenarios<br>Parameters: "Test if the user is able to register with valid credentials", "Register functionality"</td>
<td></td>
<td>2</td>
<td>testRunner.AllureReport@32eff876</td></tr>
<tr>
<td title='testRunner.AllureReport.runScenario()'><b>runScenario</b><br>Test class: testRunner.AllureReport<br>Test method: Runs Cucumber Scenarios<br>Parameters: "", "queue"</td>
<td></td>
<td>4</td>
<td>testRunner.AllureReport@32eff876</td></tr>
<tr>
<td title='testRunner.AllureReport.runScenario()'><b>runScenario</b><br>Test class: testRunner.AllureReport<br>Test method: Runs Cucumber Scenarios<br>Parameters: "Test if the user is able to navigate to the register page from homepage", "Register functionality"</td>
<td></td>
<td>2</td>
<td>testRunner.AllureReport@32eff876</td></tr>
<tr>
<td title='testRunner.AllureReport.runScenario()'><b>runScenario</b><br>Test class: testRunner.AllureReport<br>Test method: Runs Cucumber Scenarios<br>Parameters: "Test if the user is able to navigate to data structure pages from clicking getstarted button after signing in", "Home page functionality"</td>
<td></td>
<td>5</td>
<td>testRunner.AllureReport@32eff876</td></tr>
<tr>
<td title='testRunner.AllureReport.runScenario()'><b>runScenario</b><br>Test class: testRunner.AllureReport<br>Test method: Runs Cucumber Scenarios<br>Parameters: "", "tree"</td>
<td></td>
<td>5</td>
<td>testRunner.AllureReport@32eff876</td></tr>
<tr>
<td title='testRunner.AllureReport.runScenario()'><b>runScenario</b><br>Test class: testRunner.AllureReport<br>Test method: Runs Cucumber Scenarios<br>Parameters: "", "queue"</td>
<td></td>
<td>4</td>
<td>testRunner.AllureReport@32eff876</td></tr>
<tr>
<td title='testRunner.AllureReport.runScenario()'><b>runScenario</b><br>Test class: testRunner.AllureReport<br>Test method: Runs Cucumber Scenarios<br>Parameters: "", "tree"</td>
<td></td>
<td>4</td>
<td>testRunner.AllureReport@32eff876</td></tr>
<tr>
<td title='testRunner.AllureReport.runScenario()'><b>runScenario</b><br>Test class: testRunner.AllureReport<br>Test method: Runs Cucumber Scenarios<br>Parameters: "", "Array data structure"</td>
<td></td>
<td>4</td>
<td>testRunner.AllureReport@32eff876</td></tr>
<tr>
<td title='testRunner.AllureReport.runScenario()'><b>runScenario</b><br>Test class: testRunner.AllureReport<br>Test method: Runs Cucumber Scenarios<br>Parameters: "Login to the application with valid credentials.", "Array data structure"</td>
<td></td>
<td>3</td>
<td>testRunner.AllureReport@32eff876</td></tr>
<tr>
<td title='testRunner.AllureReport.runScenario()'><b>runScenario</b><br>Test class: testRunner.AllureReport<br>Test method: Runs Cucumber Scenarios<br>Parameters: "", "tree"</td>
<td></td>
<td>5</td>
<td>testRunner.AllureReport@32eff876</td></tr>
<tr>
<td title='testRunner.AllureReport.runScenario()'><b>runScenario</b><br>Test class: testRunner.AllureReport<br>Test method: Runs Cucumber Scenarios<br>Parameters: "", "Array data structure"</td>
<td></td>
<td>4</td>
<td>testRunner.AllureReport@32eff876</td></tr>
<tr>
<td title='testRunner.AllureReport.runScenario()'><b>runScenario</b><br>Test class: testRunner.AllureReport<br>Test method: Runs Cucumber Scenarios<br>Parameters: "", "Linked List"</td>
<td></td>
<td>4</td>
<td>testRunner.AllureReport@32eff876</td></tr>
<tr>
<td title='testRunner.AllureReport.runScenario()'><b>runScenario</b><br>Test class: testRunner.AllureReport<br>Test method: Runs Cucumber Scenarios<br>Parameters: "", "Linked List"</td>
<td></td>
<td>4</td>
<td>testRunner.AllureReport@32eff876</td></tr>
<tr>
<td title='testRunner.AllureReport.runScenario()'><b>runScenario</b><br>Test class: testRunner.AllureReport<br>Test method: Runs Cucumber Scenarios<br>Parameters: "Login to the application with valid credentials.", "Stack"</td>
<td></td>
<td>4</td>
<td>testRunner.AllureReport@32eff876</td></tr>
<tr>
<td title='testRunner.AllureReport.runScenario()'><b>runScenario</b><br>Test class: testRunner.AllureReport<br>Test method: Runs Cucumber Scenarios<br>Parameters: "", "Array data structure"</td>
<td></td>
<td>4</td>
<td>testRunner.AllureReport@32eff876</td></tr>
<tr>
<td title='testRunner.AllureReport.runScenario()'><b>runScenario</b><br>Test class: testRunner.AllureReport<br>Test method: Runs Cucumber Scenarios<br>Parameters: "", "Linked List"</td>
<td></td>
<td>4</td>
<td>testRunner.AllureReport@32eff876</td></tr>
<tr>
<td title='testRunner.AllureReport.runScenario()'><b>runScenario</b><br>Test class: testRunner.AllureReport<br>Test method: Runs Cucumber Scenarios<br>Parameters: "", "queue"</td>
<td></td>
<td>4</td>
<td>testRunner.AllureReport@32eff876</td></tr>
<tr>
<td title='testRunner.AllureReport.runScenario()'><b>runScenario</b><br>Test class: testRunner.AllureReport<br>Test method: Runs Cucumber Scenarios<br>Parameters: "", "Stack"</td>
<td></td>
<td>5</td>
<td>testRunner.AllureReport@32eff876</td></tr>
<tr>
<td title='testRunner.AllureReport.runScenario()'><b>runScenario</b><br>Test class: testRunner.AllureReport<br>Test method: Runs Cucumber Scenarios<br>Parameters: "", "tree"</td>
<td></td>
<td>5</td>
<td>testRunner.AllureReport@32eff876</td></tr>
<tr>
<td title='testRunner.AllureReport.runScenario()'><b>runScenario</b><br>Test class: testRunner.AllureReport<br>Test method: Runs Cucumber Scenarios<br>Parameters: "Test if the user is able to navigate to data structure pages from clicking dropdown after signing in", "Home page functionality"</td>
<td></td>
<td>5</td>
<td>testRunner.AllureReport@32eff876</td></tr>
<tr>
<td title='testRunner.AllureReport.runScenario()'><b>runScenario</b><br>Test class: testRunner.AllureReport<br>Test method: Runs Cucumber Scenarios<br>Parameters: "Login to the application with valid credentials.", "Linked List"</td>
<td></td>
<td>3</td>
<td>testRunner.AllureReport@32eff876</td></tr>
<tr>
<td title='testRunner.AllureReport.runScenario()'><b>runScenario</b><br>Test class: testRunner.AllureReport<br>Test method: Runs Cucumber Scenarios<br>Parameters: "", "Linked List"</td>
<td></td>
<td>4</td>
<td>testRunner.AllureReport@32eff876</td></tr>
<tr>
<td title='testRunner.AllureReport.runScenario()'><b>runScenario</b><br>Test class: testRunner.AllureReport<br>Test method: Runs Cucumber Scenarios<br>Parameters: "", "Linked List"</td>
<td></td>
<td>4</td>
<td>testRunner.AllureReport@32eff876</td></tr>
<tr>
<td title='testRunner.AllureReport.runScenario()'><b>runScenario</b><br>Test class: testRunner.AllureReport<br>Test method: Runs Cucumber Scenarios<br>Parameters: "", "tree"</td>
<td></td>
<td>5</td>
<td>testRunner.AllureReport@32eff876</td></tr>
<tr>
<td title='testRunner.AllureReport.runScenario()'><b>runScenario</b><br>Test class: testRunner.AllureReport<br>Test method: Runs Cucumber Scenarios<br>Parameters: "", "Stack"</td>
<td></td>
<td>5</td>
<td>testRunner.AllureReport@32eff876</td></tr>
<tr>
<td title='testRunner.AllureReport.runScenario()'><b>runScenario</b><br>Test class: testRunner.AllureReport<br>Test method: Runs Cucumber Scenarios<br>Parameters: "Login to the application with invalid credentials.", "Title of your feature"</td>
<td></td>
<td>3</td>
<td>testRunner.AllureReport@32eff876</td></tr>
<tr>
<td title='testRunner.AllureReport.runScenario()'><b>runScenario</b><br>Test class: testRunner.AllureReport<br>Test method: Runs Cucumber Scenarios<br>Parameters: "", "tree"</td>
<td></td>
<td>5</td>
<td>testRunner.AllureReport@32eff876</td></tr>
<tr>
<td title='testRunner.AllureReport.runScenario()'><b>runScenario</b><br>Test class: testRunner.AllureReport<br>Test method: Runs Cucumber Scenarios<br>Parameters: "", "tree"</td>
<td></td>
<td>5</td>
<td>testRunner.AllureReport@32eff876</td></tr>
<tr>
<td title='testRunner.AllureReport.runScenario()'><b>runScenario</b><br>Test class: testRunner.AllureReport<br>Test method: Runs Cucumber Scenarios<br>Parameters: "", "graph data structure"</td>
<td></td>
<td>4</td>
<td>testRunner.AllureReport@32eff876</td></tr>
<tr>
<td title='testRunner.AllureReport.runScenario()'><b>runScenario</b><br>Test class: testRunner.AllureReport<br>Test method: Runs Cucumber Scenarios<br>Parameters: "Test if the user is able to navigate to the Data Structure Introduction page", "Data Structure Introduction page functionality"</td>
<td></td>
<td>6</td>
<td>testRunner.AllureReport@32eff876</td></tr>
<tr>
<td title='testRunner.AllureReport.runScenario()'><b>runScenario</b><br>Test class: testRunner.AllureReport<br>Test method: Runs Cucumber Scenarios<br>Parameters: "", "Array data structure"</td>
<td></td>
<td>4</td>
<td>testRunner.AllureReport@32eff876</td></tr>
<tr>
<td title='testRunner.AllureReport.runScenario()'><b>runScenario</b><br>Test class: testRunner.AllureReport<br>Test method: Runs Cucumber Scenarios<br>Parameters: "", "graph data structure"</td>
<td></td>
<td>4</td>
<td>testRunner.AllureReport@32eff876</td></tr>
<tr>
<td title='testRunner.AllureReport.runScenario()'><b>runScenario</b><br>Test class: testRunner.AllureReport<br>Test method: Runs Cucumber Scenarios<br>Parameters: "Test if the user is able to click on dropdown before signing in", "Home page functionality"</td>
<td></td>
<td>1</td>
<td>testRunner.AllureReport@32eff876</td></tr>
<tr>
<td title='testRunner.AllureReport.runScenario()'><b>runScenario</b><br>Test class: testRunner.AllureReport<br>Test method: Runs Cucumber Scenarios<br>Parameters: "Test if the user is able to navigate to the Time Complexity page", "Data Structure Introduction page functionality"</td>
<td></td>
<td>3</td>
<td>testRunner.AllureReport@32eff876</td></tr>
<tr>
<td title='testRunner.AllureReport.runScenario()'><b>runScenario</b><br>Test class: testRunner.AllureReport<br>Test method: Runs Cucumber Scenarios<br>Parameters: "", "Stack"</td>
<td></td>
<td>5</td>
<td>testRunner.AllureReport@32eff876</td></tr>
<tr>
<td title='testRunner.AllureReport.runScenario()'><b>runScenario</b><br>Test class: testRunner.AllureReport<br>Test method: Runs Cucumber Scenarios<br>Parameters: "Test if the user is able to navigate to data structure pages from dropdown before signing in", "Home page functionality"</td>
<td></td>
<td>5</td>
<td>testRunner.AllureReport@32eff876</td></tr>
<tr>
<td title='testRunner.AllureReport.runScenario()'><b>runScenario</b><br>Test class: testRunner.AllureReport<br>Test method: Runs Cucumber Scenarios<br>Parameters: "Test if the user is able to navigate to the homepage from portal page", "Home page functionality"</td>
<td></td>
<td>2</td>
<td>testRunner.AllureReport@32eff876</td></tr>
<tr>
<td title='testRunner.AllureReport.runScenario()'><b>runScenario</b><br>Test class: testRunner.AllureReport<br>Test method: Runs Cucumber Scenarios<br>Parameters: "Login to the application with valid credentials.", "Title of your feature"</td>
<td></td>
<td>4</td>
<td>testRunner.AllureReport@32eff876</td></tr>
<tr>
<td title='testRunner.AllureReport.runScenario()'><b>runScenario</b><br>Test class: testRunner.AllureReport<br>Test method: Runs Cucumber Scenarios<br>Parameters: "", "queue"</td>
<td></td>
<td>4</td>
<td>testRunner.AllureReport@32eff876</td></tr>
<tr>
<td title='testRunner.AllureReport.runScenario()'><b>runScenario</b><br>Test class: testRunner.AllureReport<br>Test method: Runs Cucumber Scenarios<br>Parameters: "", "tree"</td>
<td></td>
<td>5</td>
<td>testRunner.AllureReport@32eff876</td></tr>
</table><p>
</body>
</html>