{"uuid":"3182d299-1f60-4645-8bd6-89f283fc1d3d","historyId":"f423ed08ffe58329613b5176746dfae9","fullName":"Register functionality: Test if the user is able to register with invalid credentials","labels":[{"name":"tag","value":"register"},{"name":"tag","value":"test001"},{"name":"host","value":"ezhilvanans-mbp.lan"},{"name":"thread","value":"20234@ezhilvanans-mbp.lan.main(1)"},{"name":"feature","value":"Register functionality"},{"name":"story","value":"Test if the user is able to register with invalid credentials"},{"name":"suite","value":"Register functionality"},{"name":"testClass","value":"Test if the user is able to register with invalid credentials"},{"name":"framework","value":"cucumber4jvm"},{"name":"language","value":"java"},{"name":"gherkin_uri","value":"file:///Users/ezhilvanan/eclipse-workspace/SDET/DS_AlgoAll/src/test/resources/feature/Registerss.feature"},{"name":"package","value":"src.test.resources.feature.Registerss_feature.Register functionality"}],"links":[],"name":"Test if the user is able to register with invalid credentials","status":"broken","statusDetails":{"known":false,"muted":false,"flaky":false,"message":"no such element: Unable to locate element: {\"method\":\"xpath\",\"selector\":\" //*[contains(text(), 'password_mismatch:The two password fields didn�t match.')]\"}\n  (Session info: chrome=103.0.5060.53)\nFor documentation on this error, please visit: https://selenium.dev/exceptions/#no_such_element\nBuild info: version: '4.1.4', revision: '535d840ee2'\nSystem info: host: 'ezhilvanans-mbp.lan', ip: 'fd17:1e2f:be87:0:1024:7538:52c9:871f%en0', os.name: 'Mac OS X', os.arch: 'x86_64', os.version: '10.16', java.version: '14.0.2'\nDriver info: org.openqa.selenium.chrome.ChromeDriver\nCommand: [67475a7bebd20abadce81db48b5c35bb, findElement {using=xpath, value= //*[contains(text(), 'password_mismatch:The two password fields didn�t match.')]}]\nCapabilities {acceptInsecureCerts: false, browserName: chrome, browserVersion: 103.0.5060.53, chrome: {chromedriverVersion: 103.0.5060.53 (a1711811edd7..., userDataDir: /var/folders/gx/lmv3snzd457...}, goog:chromeOptions: {debuggerAddress: localhost:52971}, javascriptEnabled: true, networkConnectionEnabled: false, pageLoadStrategy: normal, platform: MAC, platformName: MAC, proxy: Proxy(), se:cdp: ws://localhost:52971/devtoo..., se:cdpVersion: 103.0.5060.53, setWindowRect: true, strictFileInteractability: false, timeouts: {implicit: 0, pageLoad: 300000, script: 30000}, unhandledPromptBehavior: dismiss and notify, webauthn:extension:credBlob: true, webauthn:extension:largeBlob: true, webauthn:virtualAuthenticators: true}\nSession ID: 67475a7bebd20abadce81db48b5c35bb","trace":"org.openqa.selenium.NoSuchElementException: no such element: Unable to locate element: {\"method\":\"xpath\",\"selector\":\" //*[contains(text(), 'password_mismatch:The two password fields didn�t match.')]\"}\n  (Session info: chrome=103.0.5060.53)\nFor documentation on this error, please visit: https://selenium.dev/exceptions/#no_such_element\nBuild info: version: '4.1.4', revision: '535d840ee2'\nSystem info: host: 'ezhilvanans-mbp.lan', ip: 'fd17:1e2f:be87:0:1024:7538:52c9:871f%en0', os.name: 'Mac OS X', os.arch: 'x86_64', os.version: '10.16', java.version: '14.0.2'\nDriver info: org.openqa.selenium.chrome.ChromeDriver\nCommand: [67475a7bebd20abadce81db48b5c35bb, findElement {using=xpath, value= //*[contains(text(), 'password_mismatch:The two password fields didn�t match.')]}]\nCapabilities {acceptInsecureCerts: false, browserName: chrome, browserVersion: 103.0.5060.53, chrome: {chromedriverVersion: 103.0.5060.53 (a1711811edd7..., userDataDir: /var/folders/gx/lmv3snzd457...}, goog:chromeOptions: {debuggerAddress: localhost:52971}, javascriptEnabled: true, networkConnectionEnabled: false, pageLoadStrategy: normal, platform: MAC, platformName: MAC, proxy: Proxy(), se:cdp: ws://localhost:52971/devtoo..., se:cdpVersion: 103.0.5060.53, setWindowRect: true, strictFileInteractability: false, timeouts: {implicit: 0, pageLoad: 300000, script: 30000}, unhandledPromptBehavior: dismiss and notify, webauthn:extension:credBlob: true, webauthn:extension:largeBlob: true, webauthn:virtualAuthenticators: true}\nSession ID: 67475a7bebd20abadce81db48b5c35bb\n\tat java.base/jdk.internal.reflect.NativeConstructorAccessorImpl.newInstance0(Native Method)\n\tat java.base/jdk.internal.reflect.NativeConstructorAccessorImpl.newInstance(NativeConstructorAccessorImpl.java:62)\n\tat java.base/jdk.internal.reflect.DelegatingConstructorAccessorImpl.newInstance(DelegatingConstructorAccessorImpl.java:45)\n\tat java.base/java.lang.reflect.Constructor.newInstanceWithCaller(Constructor.java:500)\n\tat java.base/java.lang.reflect.Constructor.newInstance(Constructor.java:481)\n\tat org.openqa.selenium.remote.codec.w3c.W3CHttpResponseCodec.createException(W3CHttpResponseCodec.java:200)\n\tat org.openqa.selenium.remote.codec.w3c.W3CHttpResponseCodec.decode(W3CHttpResponseCodec.java:133)\n\tat org.openqa.selenium.remote.codec.w3c.W3CHttpResponseCodec.decode(W3CHttpResponseCodec.java:53)\n\tat org.openqa.selenium.remote.HttpCommandExecutor.execute(HttpCommandExecutor.java:184)\n\tat org.openqa.selenium.remote.service.DriverCommandExecutor.invokeExecute(DriverCommandExecutor.java:167)\n\tat org.openqa.selenium.remote.service.DriverCommandExecutor.execute(DriverCommandExecutor.java:142)\n\tat org.openqa.selenium.remote.RemoteWebDriver.execute(RemoteWebDriver.java:567)\n\tat org.openqa.selenium.remote.ElementLocation$ElementFinder$2.findElement(ElementLocation.java:162)\n\tat org.openqa.selenium.remote.ElementLocation.findElement(ElementLocation.java:60)\n\tat org.openqa.selenium.remote.RemoteWebDriver.findElement(RemoteWebDriver.java:385)\n\tat org.openqa.selenium.remote.RemoteWebDriver.findElement(RemoteWebDriver.java:377)\n\tat org.openqa.selenium.support.pagefactory.DefaultElementLocator.findElement(DefaultElementLocator.java:70)\n\tat org.openqa.selenium.support.pagefactory.internal.LocatingElementHandler.invoke(LocatingElementHandler.java:39)\n\tat com.sun.proxy.$Proxy27.getText(Unknown Source)\n\tat pageClasses.Registerpageclass.passwordmismatcherror(Registerpageclass.java:95)\n\tat stepDefinition.Reg.an_error_message_should_be_displayed_in_the_register_page(Reg.java:73)\n\tat ✽.An error message \"password mismatch\" should be displayed in the register page(file:///Users/ezhilvanan/eclipse-workspace/SDET/DS_AlgoAll/src/test/resources/feature/Registerss.feature:33)\n"},"stage":"finished","steps":[{"name":"Given  The user is in the register page","status":"passed","statusDetails":{"known":false,"muted":false,"flaky":false},"stage":"finished","steps":[],"attachments":[],"parameters":[],"start":1657038704594,"stop":1657038705250},{"name":"When  The user enters invalid data from datasheet with \"3\" and \"Register\"","status":"passed","statusDetails":{"known":false,"muted":false,"flaky":false},"stage":"finished","steps":[],"attachments":[],"parameters":[],"start":1657038705251,"stop":1657038705663},{"name":"And  The user clicks on submit button","status":"passed","statusDetails":{"known":false,"muted":false,"flaky":false},"stage":"finished","steps":[],"attachments":[],"parameters":[],"start":1657038705663,"stop":1657038705744},{"name":"Then  An error message \"password mismatch\" should be displayed in the register page","status":"broken","statusDetails":{"known":false,"muted":false,"flaky":false,"message":"no such element: Unable to locate element: {\"method\":\"xpath\",\"selector\":\" //*[contains(text(), 'password_mismatch:The two password fields didn�t match.')]\"}\n  (Session info: chrome=103.0.5060.53)\nFor documentation on this error, please visit: https://selenium.dev/exceptions/#no_such_element\nBuild info: version: '4.1.4', revision: '535d840ee2'\nSystem info: host: 'ezhilvanans-mbp.lan', ip: 'fd17:1e2f:be87:0:1024:7538:52c9:871f%en0', os.name: 'Mac OS X', os.arch: 'x86_64', os.version: '10.16', java.version: '14.0.2'\nDriver info: org.openqa.selenium.chrome.ChromeDriver\nCommand: [67475a7bebd20abadce81db48b5c35bb, findElement {using=xpath, value= //*[contains(text(), 'password_mismatch:The two password fields didn�t match.')]}]\nCapabilities {acceptInsecureCerts: false, browserName: chrome, browserVersion: 103.0.5060.53, chrome: {chromedriverVersion: 103.0.5060.53 (a1711811edd7..., userDataDir: /var/folders/gx/lmv3snzd457...}, goog:chromeOptions: {debuggerAddress: localhost:52971}, javascriptEnabled: true, networkConnectionEnabled: false, pageLoadStrategy: normal, platform: MAC, platformName: MAC, proxy: Proxy(), se:cdp: ws://localhost:52971/devtoo..., se:cdpVersion: 103.0.5060.53, setWindowRect: true, strictFileInteractability: false, timeouts: {implicit: 0, pageLoad: 300000, script: 30000}, unhandledPromptBehavior: dismiss and notify, webauthn:extension:credBlob: true, webauthn:extension:largeBlob: true, webauthn:virtualAuthenticators: true}\nSession ID: 67475a7bebd20abadce81db48b5c35bb","trace":"org.openqa.selenium.NoSuchElementException: no such element: Unable to locate element: {\"method\":\"xpath\",\"selector\":\" //*[contains(text(), 'password_mismatch:The two password fields didn�t match.')]\"}\n  (Session info: chrome=103.0.5060.53)\nFor documentation on this error, please visit: https://selenium.dev/exceptions/#no_such_element\nBuild info: version: '4.1.4', revision: '535d840ee2'\nSystem info: host: 'ezhilvanans-mbp.lan', ip: 'fd17:1e2f:be87:0:1024:7538:52c9:871f%en0', os.name: 'Mac OS X', os.arch: 'x86_64', os.version: '10.16', java.version: '14.0.2'\nDriver info: org.openqa.selenium.chrome.ChromeDriver\nCommand: [67475a7bebd20abadce81db48b5c35bb, findElement {using=xpath, value= //*[contains(text(), 'password_mismatch:The two password fields didn�t match.')]}]\nCapabilities {acceptInsecureCerts: false, browserName: chrome, browserVersion: 103.0.5060.53, chrome: {chromedriverVersion: 103.0.5060.53 (a1711811edd7..., userDataDir: /var/folders/gx/lmv3snzd457...}, goog:chromeOptions: {debuggerAddress: localhost:52971}, javascriptEnabled: true, networkConnectionEnabled: false, pageLoadStrategy: normal, platform: MAC, platformName: MAC, proxy: Proxy(), se:cdp: ws://localhost:52971/devtoo..., se:cdpVersion: 103.0.5060.53, setWindowRect: true, strictFileInteractability: false, timeouts: {implicit: 0, pageLoad: 300000, script: 30000}, unhandledPromptBehavior: dismiss and notify, webauthn:extension:credBlob: true, webauthn:extension:largeBlob: true, webauthn:virtualAuthenticators: true}\nSession ID: 67475a7bebd20abadce81db48b5c35bb\n\tat java.base/jdk.internal.reflect.NativeConstructorAccessorImpl.newInstance0(Native Method)\n\tat java.base/jdk.internal.reflect.NativeConstructorAccessorImpl.newInstance(NativeConstructorAccessorImpl.java:62)\n\tat java.base/jdk.internal.reflect.DelegatingConstructorAccessorImpl.newInstance(DelegatingConstructorAccessorImpl.java:45)\n\tat java.base/java.lang.reflect.Constructor.newInstanceWithCaller(Constructor.java:500)\n\tat java.base/java.lang.reflect.Constructor.newInstance(Constructor.java:481)\n\tat org.openqa.selenium.remote.codec.w3c.W3CHttpResponseCodec.createException(W3CHttpResponseCodec.java:200)\n\tat org.openqa.selenium.remote.codec.w3c.W3CHttpResponseCodec.decode(W3CHttpResponseCodec.java:133)\n\tat org.openqa.selenium.remote.codec.w3c.W3CHttpResponseCodec.decode(W3CHttpResponseCodec.java:53)\n\tat org.openqa.selenium.remote.HttpCommandExecutor.execute(HttpCommandExecutor.java:184)\n\tat org.openqa.selenium.remote.service.DriverCommandExecutor.invokeExecute(DriverCommandExecutor.java:167)\n\tat org.openqa.selenium.remote.service.DriverCommandExecutor.execute(DriverCommandExecutor.java:142)\n\tat org.openqa.selenium.remote.RemoteWebDriver.execute(RemoteWebDriver.java:567)\n\tat org.openqa.selenium.remote.ElementLocation$ElementFinder$2.findElement(ElementLocation.java:162)\n\tat org.openqa.selenium.remote.ElementLocation.findElement(ElementLocation.java:60)\n\tat org.openqa.selenium.remote.RemoteWebDriver.findElement(RemoteWebDriver.java:385)\n\tat org.openqa.selenium.remote.RemoteWebDriver.findElement(RemoteWebDriver.java:377)\n\tat org.openqa.selenium.support.pagefactory.DefaultElementLocator.findElement(DefaultElementLocator.java:70)\n\tat org.openqa.selenium.support.pagefactory.internal.LocatingElementHandler.invoke(LocatingElementHandler.java:39)\n\tat com.sun.proxy.$Proxy27.getText(Unknown Source)\n\tat pageClasses.Registerpageclass.passwordmismatcherror(Registerpageclass.java:95)\n\tat stepDefinition.Reg.an_error_message_should_be_displayed_in_the_register_page(Reg.java:73)\n\tat ✽.An error message \"password mismatch\" should be displayed in the register page(file:///Users/ezhilvanan/eclipse-workspace/SDET/DS_AlgoAll/src/test/resources/feature/Registerss.feature:33)\n"},"stage":"finished","steps":[],"attachments":[],"parameters":[],"start":1657038705744,"stop":1657038735805}],"attachments":[],"parameters":[{"name":"testid","value":"3"},{"name":"sheetname","value":"Register"}],"start":1657038703107,"stop":1657038736157}