<?xml version="1.0" encoding="UTF-8"?>
<!-- Generated by org.testng.reporters.JUnitReportReporter -->
<testsuite hostname="ezhilvanans-mbp.lan" failures="2" tests="47" name="testRunner.Cucumber" time="257.747" errors="3" timestamp="2022-07-05T12:13:37 CDT" skipped="0">
  <testcase classname="testRunner.Cucumber" name="runScenario" time="4.572"/>
  <system-out/>
  <testcase classname="testRunner.Cucumber" name="runScenario" time="3.107"/>
  <system-out/>
  <testcase classname="testRunner.Cucumber" name="runScenario" time="3.471"/>
  <system-out/>
  <testcase classname="testRunner.Cucumber" name="runScenario" time="4.852">
    <error message="element not interactable
  (Session info: chrome=103.0.5060.53)
Build info: version: &#039;4.1.4&#039;, revision: &#039;535d840ee2&#039;
System info: host: &#039;ezhilvanans-mbp.lan&#039;, ip: &#039;fd17:1e2f:be87:0:1024:7538:52c9:871f%en0&#039;, os.name: &#039;Mac OS X&#039;, os.arch: &#039;x86_64&#039;, os.version: &#039;10.16&#039;, java.version: &#039;14.0.2&#039;
Driver info: org.openqa.selenium.chrome.ChromeDriver
Command: [f0719cd6dfdd26de545bd7a07e69faa1, sendKeysToElement {id=455e9d37-1e9f-4bac-baa5-89f465c10aa0, value=[Ljava.lang.CharSequence;@2424cb9d}]
Capabilities {acceptInsecureCerts: false, browserName: chrome, browserVersion: 103.0.5060.53, chrome: {chromedriverVersion: 103.0.5060.53 (a1711811edd7..., userDataDir: /var/folders/gx/lmv3snzd457...}, goog:chromeOptions: {debuggerAddress: localhost:50513}, javascriptEnabled: true, networkConnectionEnabled: false, pageLoadStrategy: normal, platform: MAC, platformName: MAC, proxy: Proxy(), se:cdp: ws://localhost:50513/devtoo..., se:cdpVersion: 103.0.5060.53, setWindowRect: true, strictFileInteractability: false, timeouts: {implicit: 0, pageLoad: 300000, script: 30000}, unhandledPromptBehavior: dismiss and notify, webauthn:extension:credBlob: true, webauthn:extension:largeBlob: true, webauthn:virtualAuthenticators: true}
Element: [[ChromeDriver: chrome on MAC (f0719cd6dfdd26de545bd7a07e69faa1)] -&gt; xpath: //pre[@class=&#039; CodeMirror-line &#039;]]
Session ID: f0719cd6dfdd26de545bd7a07e69faa1" type="org.openqa.selenium.ElementNotInteractableException">
      <![CDATA[org.openqa.selenium.ElementNotInteractableException: element not interactable
  (Session info: chrome=103.0.5060.53)
Build info: version: '4.1.4', revision: '535d840ee2'
System info: host: 'ezhilvanans-mbp.lan', ip: 'fd17:1e2f:be87:0:1024:7538:52c9:871f%en0', os.name: 'Mac OS X', os.arch: 'x86_64', os.version: '10.16', java.version: '14.0.2'
Driver info: org.openqa.selenium.chrome.ChromeDriver
Command: [f0719cd6dfdd26de545bd7a07e69faa1, sendKeysToElement {id=455e9d37-1e9f-4bac-baa5-89f465c10aa0, value=[Ljava.lang.CharSequence;@2424cb9d}]
Capabilities {acceptInsecureCerts: false, browserName: chrome, browserVersion: 103.0.5060.53, chrome: {chromedriverVersion: 103.0.5060.53 (a1711811edd7..., userDataDir: /var/folders/gx/lmv3snzd457...}, goog:chromeOptions: {debuggerAddress: localhost:50513}, javascriptEnabled: true, networkConnectionEnabled: false, pageLoadStrategy: normal, platform: MAC, platformName: MAC, proxy: Proxy(), se:cdp: ws://localhost:50513/devtoo..., se:cdpVersion: 103.0.5060.53, setWindowRect: true, strictFileInteractability: false, timeouts: {implicit: 0, pageLoad: 300000, script: 30000}, unhandledPromptBehavior: dismiss and notify, webauthn:extension:credBlob: true, webauthn:extension:largeBlob: true, webauthn:virtualAuthenticators: true}
Element: [[ChromeDriver: chrome on MAC (f0719cd6dfdd26de545bd7a07e69faa1)] -> xpath: //pre[@class=' CodeMirror-line ']]
Session ID: f0719cd6dfdd26de545bd7a07e69faa1
at java.base/jdk.internal.reflect.NativeConstructorAccessorImpl.newInstance0(Native Method)
at java.base/jdk.internal.reflect.NativeConstructorAccessorImpl.newInstance(NativeConstructorAccessorImpl.java:62)
at java.base/jdk.internal.reflect.DelegatingConstructorAccessorImpl.newInstance(DelegatingConstructorAccessorImpl.java:45)
at java.base/java.lang.reflect.Constructor.newInstanceWithCaller(Constructor.java:500)
at java.base/java.lang.reflect.Constructor.newInstance(Constructor.java:481)
at org.openqa.selenium.remote.codec.w3c.W3CHttpResponseCodec.createException(W3CHttpResponseCodec.java:200)
at org.openqa.selenium.remote.codec.w3c.W3CHttpResponseCodec.decode(W3CHttpResponseCodec.java:133)
at org.openqa.selenium.remote.codec.w3c.W3CHttpResponseCodec.decode(W3CHttpResponseCodec.java:53)
at org.openqa.selenium.remote.HttpCommandExecutor.execute(HttpCommandExecutor.java:184)
at org.openqa.selenium.remote.service.DriverCommandExecutor.invokeExecute(DriverCommandExecutor.java:167)
at org.openqa.selenium.remote.service.DriverCommandExecutor.execute(DriverCommandExecutor.java:142)
at org.openqa.selenium.remote.RemoteWebDriver.execute(RemoteWebDriver.java:567)
at org.openqa.selenium.remote.RemoteWebElement.execute(RemoteWebElement.java:251)
at org.openqa.selenium.remote.RemoteWebElement.sendKeys(RemoteWebElement.java:107)
at java.base/jdk.internal.reflect.NativeMethodAccessorImpl.invoke0(Native Method)
at java.base/jdk.internal.reflect.NativeMethodAccessorImpl.invoke(NativeMethodAccessorImpl.java:62)
at java.base/jdk.internal.reflect.DelegatingMethodAccessorImpl.invoke(DelegatingMethodAccessorImpl.java:43)
at java.base/java.lang.reflect.Method.invoke(Method.java:564)
at org.openqa.selenium.support.pagefactory.internal.LocatingElementHandler.invoke(LocatingElementHandler.java:52)
at com.sun.proxy.$Proxy28.sendKeys(Unknown Source)
at pageClasses.Datastrucintropageclass.tryeditorclick(Datastrucintropageclass.java:113)
at stepDefinition.Datastructureintro.the_user_enters_the_input_and_clicks_run(Datastructureintro.java:102)
at ✽.The user enters the input and clicks Run(file:///Users/ezhilvanan/eclipse-workspace/SDET/DS_AlgoAll/src/test/resources/feature/Datastructureintro.feature:52)
]]>
    </error>
  </testcase> <!-- runScenario -->
  <system-out/>
  <testcase classname="testRunner.Cucumber" name="runScenario" time="4.447"/>
  <system-out/>
  <testcase classname="testRunner.Cucumber" name="runScenario" time="2.587"/>
  <system-out/>
  <testcase classname="testRunner.Cucumber" name="runScenario" time="5.623"/>
  <system-out/>
  <testcase classname="testRunner.Cucumber" name="runScenario" time="1.857"/>
  <system-out/>
  <testcase classname="testRunner.Cucumber" name="runScenario" time="4.116"/>
  <system-out/>
  <testcase classname="testRunner.Cucumber" name="runScenario" time="4.517"/>
  <system-out/>
  <testcase classname="testRunner.Cucumber" name="runScenario" time="4.919"/>
  <system-out/>
  <testcase classname="testRunner.Cucumber" name="runScenario" time="4.862"/>
  <system-out/>
  <testcase classname="testRunner.Cucumber" name="runScenario" time="32.916">
    <error message="no such element: Unable to locate element: {&quot;method&quot;:&quot;xpath&quot;,&quot;selector&quot;:&quot; //*[contains(text(), &#039;password_mismatch:The two password fields didn�t match.&#039;)]&quot;}
  (Session info: chrome=103.0.5060.53)
For documentation on this error, please visit: https://selenium.dev/exceptions/#no_such_element
Build info: version: &#039;4.1.4&#039;, revision: &#039;535d840ee2&#039;
System info: host: &#039;ezhilvanans-mbp.lan&#039;, ip: &#039;fd17:1e2f:be87:0:1024:7538:52c9:871f%en0&#039;, os.name: &#039;Mac OS X&#039;, os.arch: &#039;x86_64&#039;, os.version: &#039;10.16&#039;, java.version: &#039;14.0.2&#039;
Driver info: org.openqa.selenium.chrome.ChromeDriver
Command: [67eef3df1a20d9a4dcddfefc5f02052b, findElement {using=xpath, value= //*[contains(text(), &#039;password_mismatch:The two password fields didn�t match.&#039;)]}]
Capabilities {acceptInsecureCerts: false, browserName: chrome, browserVersion: 103.0.5060.53, chrome: {chromedriverVersion: 103.0.5060.53 (a1711811edd7..., userDataDir: /var/folders/gx/lmv3snzd457...}, goog:chromeOptions: {debuggerAddress: localhost:50591}, javascriptEnabled: true, networkConnectionEnabled: false, pageLoadStrategy: normal, platform: MAC, platformName: MAC, proxy: Proxy(), se:cdp: ws://localhost:50591/devtoo..., se:cdpVersion: 103.0.5060.53, setWindowRect: true, strictFileInteractability: false, timeouts: {implicit: 0, pageLoad: 300000, script: 30000}, unhandledPromptBehavior: dismiss and notify, webauthn:extension:credBlob: true, webauthn:extension:largeBlob: true, webauthn:virtualAuthenticators: true}
Session ID: 67eef3df1a20d9a4dcddfefc5f02052b" type="org.openqa.selenium.NoSuchElementException">
      <![CDATA[org.openqa.selenium.NoSuchElementException: no such element: Unable to locate element: {"method":"xpath","selector":" //*[contains(text(), 'password_mismatch:The two password fields didn�t match.')]"}
  (Session info: chrome=103.0.5060.53)
For documentation on this error, please visit: https://selenium.dev/exceptions/#no_such_element
Build info: version: '4.1.4', revision: '535d840ee2'
System info: host: 'ezhilvanans-mbp.lan', ip: 'fd17:1e2f:be87:0:1024:7538:52c9:871f%en0', os.name: 'Mac OS X', os.arch: 'x86_64', os.version: '10.16', java.version: '14.0.2'
Driver info: org.openqa.selenium.chrome.ChromeDriver
Command: [67eef3df1a20d9a4dcddfefc5f02052b, findElement {using=xpath, value= //*[contains(text(), 'password_mismatch:The two password fields didn�t match.')]}]
Capabilities {acceptInsecureCerts: false, browserName: chrome, browserVersion: 103.0.5060.53, chrome: {chromedriverVersion: 103.0.5060.53 (a1711811edd7..., userDataDir: /var/folders/gx/lmv3snzd457...}, goog:chromeOptions: {debuggerAddress: localhost:50591}, javascriptEnabled: true, networkConnectionEnabled: false, pageLoadStrategy: normal, platform: MAC, platformName: MAC, proxy: Proxy(), se:cdp: ws://localhost:50591/devtoo..., se:cdpVersion: 103.0.5060.53, setWindowRect: true, strictFileInteractability: false, timeouts: {implicit: 0, pageLoad: 300000, script: 30000}, unhandledPromptBehavior: dismiss and notify, webauthn:extension:credBlob: true, webauthn:extension:largeBlob: true, webauthn:virtualAuthenticators: true}
Session ID: 67eef3df1a20d9a4dcddfefc5f02052b
at java.base/jdk.internal.reflect.NativeConstructorAccessorImpl.newInstance0(Native Method)
at java.base/jdk.internal.reflect.NativeConstructorAccessorImpl.newInstance(NativeConstructorAccessorImpl.java:62)
at java.base/jdk.internal.reflect.DelegatingConstructorAccessorImpl.newInstance(DelegatingConstructorAccessorImpl.java:45)
at java.base/java.lang.reflect.Constructor.newInstanceWithCaller(Constructor.java:500)
at java.base/java.lang.reflect.Constructor.newInstance(Constructor.java:481)
at org.openqa.selenium.remote.codec.w3c.W3CHttpResponseCodec.createException(W3CHttpResponseCodec.java:200)
at org.openqa.selenium.remote.codec.w3c.W3CHttpResponseCodec.decode(W3CHttpResponseCodec.java:133)
at org.openqa.selenium.remote.codec.w3c.W3CHttpResponseCodec.decode(W3CHttpResponseCodec.java:53)
at org.openqa.selenium.remote.HttpCommandExecutor.execute(HttpCommandExecutor.java:184)
at org.openqa.selenium.remote.service.DriverCommandExecutor.invokeExecute(DriverCommandExecutor.java:167)
at org.openqa.selenium.remote.service.DriverCommandExecutor.execute(DriverCommandExecutor.java:142)
at org.openqa.selenium.remote.RemoteWebDriver.execute(RemoteWebDriver.java:567)
at org.openqa.selenium.remote.ElementLocation$ElementFinder$2.findElement(ElementLocation.java:162)
at org.openqa.selenium.remote.ElementLocation.findElement(ElementLocation.java:60)
at org.openqa.selenium.remote.RemoteWebDriver.findElement(RemoteWebDriver.java:385)
at org.openqa.selenium.remote.RemoteWebDriver.findElement(RemoteWebDriver.java:377)
at org.openqa.selenium.support.pagefactory.DefaultElementLocator.findElement(DefaultElementLocator.java:70)
at org.openqa.selenium.support.pagefactory.internal.LocatingElementHandler.invoke(LocatingElementHandler.java:39)
at com.sun.proxy.$Proxy28.getText(Unknown Source)
at pageClasses.Registerpageclass.passwordmismatcherror(Registerpageclass.java:95)
at stepDefinition.Reg.an_error_message_should_be_displayed_in_the_register_page(Reg.java:72)
at ✽.An error message "password mismatch" should be displayed in the register page(file:///Users/ezhilvanan/eclipse-workspace/SDET/DS_AlgoAll/src/test/resources/feature/Registerss.feature:33)
]]>
    </error>
  </testcase> <!-- runScenario -->
  <system-out/>
  <testcase classname="testRunner.Cucumber" name="runScenario" time="4.299"/>
  <system-out/>
  <testcase classname="testRunner.Cucumber" name="runScenario" time="1.865"/>
  <system-out/>
  <testcase classname="testRunner.Cucumber" name="runScenario" time="3.990"/>
  <system-out/>
  <testcase classname="testRunner.Cucumber" name="runScenario" time="5.632"/>
  <system-out/>
  <testcase classname="testRunner.Cucumber" name="runScenario" time="4.665"/>
  <system-out/>
  <testcase classname="testRunner.Cucumber" name="runScenario" time="4.164">
    <failure message="expected [Practice Questions] but found [Practicequestions]" type="java.lang.AssertionError">
      <![CDATA[java.lang.AssertionError: expected [Practice Questions] but found [Practicequestions]
at org.testng.Assert.fail(Assert.java:110)
at org.testng.Assert.failNotEquals(Assert.java:1413)
at org.testng.Assert.assertEqualsImpl(Assert.java:149)
at org.testng.Assert.assertEquals(Assert.java:131)
at org.testng.Assert.assertEquals(Assert.java:655)
at org.testng.Assert.assertEquals(Assert.java:665)
at stepDefinition.Datastructureintro.the_user_should_be_navigated_to_the_practice_questions_page(Datastructureintro.java:119)
at ✽.The user should be navigated to the Practice Questions page(file:///Users/ezhilvanan/eclipse-workspace/SDET/DS_AlgoAll/src/test/resources/feature/Datastructureintro.feature:63)
]]>
    </failure>
  </testcase> <!-- runScenario -->
  <system-out/>
  <testcase classname="testRunner.Cucumber" name="runScenario" time="2.985">
    <failure message="expected [You are logged in] but found [Invalid Username and Password]" type="java.lang.AssertionError">
      <![CDATA[java.lang.AssertionError: expected [You are logged in] but found [Invalid Username and Password]
at org.testng.Assert.fail(Assert.java:110)
at org.testng.Assert.failNotEquals(Assert.java:1413)
at org.testng.Assert.assertEqualsImpl(Assert.java:149)
at org.testng.Assert.assertEquals(Assert.java:131)
at org.testng.Assert.assertEquals(Assert.java:655)
at org.testng.Assert.assertEquals(Assert.java:665)
at stepDefinition.signIn.user_is_logged_in_to_the_home_page_with_a_message(signIn.java:75)
at ✽.user is logged in to the Home page with a Message "You are logged in"(file:///Users/ezhilvanan/eclipse-workspace/SDET/DS_AlgoAll/src/test/resources/feature/signIn.feature:21)
]]>
    </failure>
  </testcase> <!-- runScenario -->
  <system-out/>
  <testcase classname="testRunner.Cucumber" name="runScenario" time="4.384"/>
  <system-out/>
  <testcase classname="testRunner.Cucumber" name="runScenario" time="33.190">
    <error message="no such element: Unable to locate element: {&quot;method&quot;:&quot;xpath&quot;,&quot;selector&quot;:&quot; //*[contains(text(), &#039;password_mismatch:The two password fields didn�t match.&#039;)]&quot;}
  (Session info: chrome=103.0.5060.53)
For documentation on this error, please visit: https://selenium.dev/exceptions/#no_such_element
Build info: version: &#039;4.1.4&#039;, revision: &#039;535d840ee2&#039;
System info: host: &#039;ezhilvanans-mbp.lan&#039;, ip: &#039;fd17:1e2f:be87:0:1024:7538:52c9:871f%en0&#039;, os.name: &#039;Mac OS X&#039;, os.arch: &#039;x86_64&#039;, os.version: &#039;10.16&#039;, java.version: &#039;14.0.2&#039;
Driver info: org.openqa.selenium.chrome.ChromeDriver
Command: [552bd3ba1b4843982072243da47833c4, findElement {using=xpath, value= //*[contains(text(), &#039;password_mismatch:The two password fields didn�t match.&#039;)]}]
Capabilities {acceptInsecureCerts: false, browserName: chrome, browserVersion: 103.0.5060.53, chrome: {chromedriverVersion: 103.0.5060.53 (a1711811edd7..., userDataDir: /var/folders/gx/lmv3snzd457...}, goog:chromeOptions: {debuggerAddress: localhost:50618}, javascriptEnabled: true, networkConnectionEnabled: false, pageLoadStrategy: normal, platform: MAC, platformName: MAC, proxy: Proxy(), se:cdp: ws://localhost:50618/devtoo..., se:cdpVersion: 103.0.5060.53, setWindowRect: true, strictFileInteractability: false, timeouts: {implicit: 0, pageLoad: 300000, script: 30000}, unhandledPromptBehavior: dismiss and notify, webauthn:extension:credBlob: true, webauthn:extension:largeBlob: true, webauthn:virtualAuthenticators: true}
Session ID: 552bd3ba1b4843982072243da47833c4" type="org.openqa.selenium.NoSuchElementException">
      <![CDATA[org.openqa.selenium.NoSuchElementException: no such element: Unable to locate element: {"method":"xpath","selector":" //*[contains(text(), 'password_mismatch:The two password fields didn�t match.')]"}
  (Session info: chrome=103.0.5060.53)
For documentation on this error, please visit: https://selenium.dev/exceptions/#no_such_element
Build info: version: '4.1.4', revision: '535d840ee2'
System info: host: 'ezhilvanans-mbp.lan', ip: 'fd17:1e2f:be87:0:1024:7538:52c9:871f%en0', os.name: 'Mac OS X', os.arch: 'x86_64', os.version: '10.16', java.version: '14.0.2'
Driver info: org.openqa.selenium.chrome.ChromeDriver
Command: [552bd3ba1b4843982072243da47833c4, findElement {using=xpath, value= //*[contains(text(), 'password_mismatch:The two password fields didn�t match.')]}]
Capabilities {acceptInsecureCerts: false, browserName: chrome, browserVersion: 103.0.5060.53, chrome: {chromedriverVersion: 103.0.5060.53 (a1711811edd7..., userDataDir: /var/folders/gx/lmv3snzd457...}, goog:chromeOptions: {debuggerAddress: localhost:50618}, javascriptEnabled: true, networkConnectionEnabled: false, pageLoadStrategy: normal, platform: MAC, platformName: MAC, proxy: Proxy(), se:cdp: ws://localhost:50618/devtoo..., se:cdpVersion: 103.0.5060.53, setWindowRect: true, strictFileInteractability: false, timeouts: {implicit: 0, pageLoad: 300000, script: 30000}, unhandledPromptBehavior: dismiss and notify, webauthn:extension:credBlob: true, webauthn:extension:largeBlob: true, webauthn:virtualAuthenticators: true}
Session ID: 552bd3ba1b4843982072243da47833c4
at java.base/jdk.internal.reflect.NativeConstructorAccessorImpl.newInstance0(Native Method)
at java.base/jdk.internal.reflect.NativeConstructorAccessorImpl.newInstance(NativeConstructorAccessorImpl.java:62)
at java.base/jdk.internal.reflect.DelegatingConstructorAccessorImpl.newInstance(DelegatingConstructorAccessorImpl.java:45)
at java.base/java.lang.reflect.Constructor.newInstanceWithCaller(Constructor.java:500)
at java.base/java.lang.reflect.Constructor.newInstance(Constructor.java:481)
at org.openqa.selenium.remote.codec.w3c.W3CHttpResponseCodec.createException(W3CHttpResponseCodec.java:200)
at org.openqa.selenium.remote.codec.w3c.W3CHttpResponseCodec.decode(W3CHttpResponseCodec.java:133)
at org.openqa.selenium.remote.codec.w3c.W3CHttpResponseCodec.decode(W3CHttpResponseCodec.java:53)
at org.openqa.selenium.remote.HttpCommandExecutor.execute(HttpCommandExecutor.java:184)
at org.openqa.selenium.remote.service.DriverCommandExecutor.invokeExecute(DriverCommandExecutor.java:167)
at org.openqa.selenium.remote.service.DriverCommandExecutor.execute(DriverCommandExecutor.java:142)
at org.openqa.selenium.remote.RemoteWebDriver.execute(RemoteWebDriver.java:567)
at org.openqa.selenium.remote.ElementLocation$ElementFinder$2.findElement(ElementLocation.java:162)
at org.openqa.selenium.remote.ElementLocation.findElement(ElementLocation.java:60)
at org.openqa.selenium.remote.RemoteWebDriver.findElement(RemoteWebDriver.java:385)
at org.openqa.selenium.remote.RemoteWebDriver.findElement(RemoteWebDriver.java:377)
at org.openqa.selenium.support.pagefactory.DefaultElementLocator.findElement(DefaultElementLocator.java:70)
at org.openqa.selenium.support.pagefactory.internal.LocatingElementHandler.invoke(LocatingElementHandler.java:39)
at com.sun.proxy.$Proxy28.getText(Unknown Source)
at pageClasses.Registerpageclass.passwordmismatcherror(Registerpageclass.java:95)
at stepDefinition.Reg.an_error_message_should_be_displayed_in_the_register_page(Reg.java:72)
at ✽.An error message "password mismatch" should be displayed in the register page(file:///Users/ezhilvanan/eclipse-workspace/SDET/DS_AlgoAll/src/test/resources/feature/Registerss.feature:33)
]]>
    </error>
  </testcase> <!-- runScenario -->
  <system-out/>
  <testcase classname="testRunner.Cucumber" name="runScenario" time="4.247"/>
  <system-out/>
  <testcase classname="testRunner.Cucumber" name="runScenario" time="4.218"/>
  <system-out/>
  <testcase classname="testRunner.Cucumber" name="runScenario" time="4.428"/>
  <system-out/>
  <testcase classname="testRunner.Cucumber" name="runScenario" time="3.677"/>
  <system-out/>
  <testcase classname="testRunner.Cucumber" name="runScenario" time="7.240"/>
  <system-out/>
  <testcase classname="testRunner.Cucumber" name="runScenario" time="5.196"/>
  <system-out/>
  <testcase classname="testRunner.Cucumber" name="runScenario" time="4.515"/>
  <system-out/>
  <testcase classname="testRunner.Cucumber" name="runScenario" time="4.359"/>
  <system-out/>
  <testcase classname="testRunner.Cucumber" name="runScenario" time="4.589"/>
  <system-out/>
  <testcase classname="testRunner.Cucumber" name="runScenario" time="4.435"/>
  <system-out/>
  <testcase classname="testRunner.Cucumber" name="runScenario" time="4.061"/>
  <system-out/>
  <testcase classname="testRunner.Cucumber" name="runScenario" time="4.563"/>
  <system-out/>
  <testcase classname="testRunner.Cucumber" name="runScenario" time="4.969"/>
  <system-out/>
  <testcase classname="testRunner.Cucumber" name="runScenario" time="3.185"/>
  <system-out/>
  <testcase classname="testRunner.Cucumber" name="runScenario" time="4.193"/>
  <system-out/>
  <testcase classname="testRunner.Cucumber" name="runScenario" time="4.760"/>
  <system-out/>
  <testcase classname="testRunner.Cucumber" name="runScenario" time="4.502"/>
  <system-out/>
  <testcase classname="testRunner.Cucumber" name="runScenario" time="4.703"/>
  <system-out/>
  <testcase classname="testRunner.Cucumber" name="runScenario" time="4.740"/>
  <system-out/>
  <testcase classname="testRunner.Cucumber" name="runScenario" time="4.667"/>
  <system-out/>
  <testcase classname="testRunner.Cucumber" name="runScenario" time="3.734"/>
  <system-out/>
  <testcase classname="testRunner.Cucumber" name="runScenario" time="2.126"/>
  <system-out/>
  <testcase classname="testRunner.Cucumber" name="runScenario" time="2.839"/>
  <system-out/>
  <testcase classname="testRunner.Cucumber" name="runScenario" time="5.237"/>
  <system-out/>
  <testcase classname="testRunner.Cucumber" name="runScenario" time="5.544"/>
  <system-out/>
</testsuite> <!-- testRunner.Cucumber -->
