<?xml version="1.0" encoding="UTF-8"?>
<!-- Generated by org.testng.reporters.JUnitReportReporter -->
<testsuite hostname="ezhilvanans-mbp.lan" failures="2" tests="47" name="testRunner.AllureReport" time="270.699" errors="3" timestamp="2022-07-05T15:28:14 CDT" skipped="0">
  <testcase classname="testRunner.AllureReport" name="runScenario" time="4.747"/>
  <system-out/>
  <testcase classname="testRunner.AllureReport" name="runScenario" time="4.795"/>
  <system-out/>
  <testcase classname="testRunner.AllureReport" name="runScenario" time="2.882"/>
  <system-out/>
  <testcase classname="testRunner.AllureReport" name="runScenario" time="4.503"/>
  <system-out/>
  <testcase classname="testRunner.AllureReport" name="runScenario" time="2.393"/>
  <system-out/>
  <testcase classname="testRunner.AllureReport" name="runScenario" time="5.315"/>
  <system-out/>
  <testcase classname="testRunner.AllureReport" name="runScenario" time="5.122"/>
  <system-out/>
  <testcase classname="testRunner.AllureReport" name="runScenario" time="4.450"/>
  <system-out/>
  <testcase classname="testRunner.AllureReport" name="runScenario" time="4.985"/>
  <system-out/>
  <testcase classname="testRunner.AllureReport" name="runScenario" time="4.715"/>
  <system-out/>
  <testcase classname="testRunner.AllureReport" name="runScenario" time="3.498"/>
  <system-out/>
  <testcase classname="testRunner.AllureReport" name="runScenario" time="5.366"/>
  <system-out/>
  <testcase classname="testRunner.AllureReport" name="runScenario" time="4.839"/>
  <system-out/>
  <testcase classname="testRunner.AllureReport" name="runScenario" time="4.649"/>
  <system-out/>
  <testcase classname="testRunner.AllureReport" name="runScenario" time="4.425"/>
  <system-out/>
  <testcase classname="testRunner.AllureReport" name="runScenario" time="4.444"/>
  <system-out/>
  <testcase classname="testRunner.AllureReport" name="runScenario" time="4.179">
    <failure message="expected [You are logged in] but found [Invalid Username and Password]" type="java.lang.AssertionError">
      <![CDATA[java.lang.AssertionError: expected [You are logged in] but found [Invalid Username and Password]
at org.testng.Assert.fail(Assert.java:110)
at org.testng.Assert.failNotEquals(Assert.java:1413)
at org.testng.Assert.assertEqualsImpl(Assert.java:149)
at org.testng.Assert.assertEquals(Assert.java:131)
at org.testng.Assert.assertEquals(Assert.java:655)
at org.testng.Assert.assertEquals(Assert.java:665)
at stepDefinition.signIn.user_is_logged_in_to_the_home_page_with_a_message(signIn.java:75)
at ✽.user is logged in to the Home page with a Message "You are logged in"(file:///Users/ezhilvanan/eclipse-workspace/SDET/DS_AlgoAll/src/test/resources/feature/signIn.feature:21)
]]>
    </failure>
  </testcase> <!-- runScenario -->
  <system-out/>
  <testcase classname="testRunner.AllureReport" name="runScenario" time="4.678"/>
  <system-out/>
  <testcase classname="testRunner.AllureReport" name="runScenario" time="4.287"/>
  <system-out/>
  <testcase classname="testRunner.AllureReport" name="runScenario" time="4.203"/>
  <system-out/>
  <testcase classname="testRunner.AllureReport" name="runScenario" time="5.423"/>
  <system-out/>
  <testcase classname="testRunner.AllureReport" name="runScenario" time="5.249"/>
  <system-out/>
  <testcase classname="testRunner.AllureReport" name="runScenario" time="4.359">
    <failure message="expected [Practice Questions] but found [Practicequestions]" type="java.lang.AssertionError">
      <![CDATA[java.lang.AssertionError: expected [Practice Questions] but found [Practicequestions]
at org.testng.Assert.fail(Assert.java:110)
at org.testng.Assert.failNotEquals(Assert.java:1413)
at org.testng.Assert.assertEqualsImpl(Assert.java:149)
at org.testng.Assert.assertEquals(Assert.java:131)
at org.testng.Assert.assertEquals(Assert.java:655)
at org.testng.Assert.assertEquals(Assert.java:665)
at stepDefinition.Datastructureintro.the_user_should_be_navigated_to_the_practice_questions_page(Datastructureintro.java:119)
at ✽.The user should be navigated to the Practice Questions page(file:///Users/ezhilvanan/eclipse-workspace/SDET/DS_AlgoAll/src/test/resources/feature/Datastructureintro.feature:63)
]]>
    </failure>
  </testcase> <!-- runScenario -->
  <system-out/>
  <testcase classname="testRunner.AllureReport" name="runScenario" time="5.147"/>
  <system-out/>
  <testcase classname="testRunner.AllureReport" name="runScenario" time="3.664"/>
  <system-out/>
  <testcase classname="testRunner.AllureReport" name="runScenario" time="4.278"/>
  <system-out/>
  <testcase classname="testRunner.AllureReport" name="runScenario" time="4.398"/>
  <system-out/>
  <testcase classname="testRunner.AllureReport" name="runScenario" time="5.292"/>
  <system-out/>
  <testcase classname="testRunner.AllureReport" name="runScenario" time="5.233"/>
  <system-out/>
  <testcase classname="testRunner.AllureReport" name="runScenario" time="3.474"/>
  <system-out/>
  <testcase classname="testRunner.AllureReport" name="runScenario" time="5.511"/>
  <system-out/>
  <testcase classname="testRunner.AllureReport" name="runScenario" time="33.361">
    <error message="no such element: Unable to locate element: {&quot;method&quot;:&quot;xpath&quot;,&quot;selector&quot;:&quot; //*[contains(text(), &#039;password_mismatch:The two password fields didn�t match.&#039;)]&quot;}
  (Session info: chrome=103.0.5060.53)
For documentation on this error, please visit: https://selenium.dev/exceptions/#no_such_element
Build info: version: &#039;4.1.4&#039;, revision: &#039;535d840ee2&#039;
System info: host: &#039;ezhilvanans-mbp.lan&#039;, ip: &#039;fd17:1e2f:be87:0:1024:7538:52c9:871f%en0&#039;, os.name: &#039;Mac OS X&#039;, os.arch: &#039;x86_64&#039;, os.version: &#039;10.16&#039;, java.version: &#039;14.0.2&#039;
Driver info: org.openqa.selenium.chrome.ChromeDriver
Command: [2ac7916dc2f8dcdee9727f0b634f9273, findElement {using=xpath, value= //*[contains(text(), &#039;password_mismatch:The two password fields didn�t match.&#039;)]}]
Capabilities {acceptInsecureCerts: false, browserName: chrome, browserVersion: 103.0.5060.53, chrome: {chromedriverVersion: 103.0.5060.53 (a1711811edd7..., userDataDir: /var/folders/gx/lmv3snzd457...}, goog:chromeOptions: {debuggerAddress: localhost:57056}, javascriptEnabled: true, networkConnectionEnabled: false, pageLoadStrategy: normal, platform: MAC, platformName: MAC, proxy: Proxy(), se:cdp: ws://localhost:57056/devtoo..., se:cdpVersion: 103.0.5060.53, setWindowRect: true, strictFileInteractability: false, timeouts: {implicit: 0, pageLoad: 300000, script: 30000}, unhandledPromptBehavior: dismiss and notify, webauthn:extension:credBlob: true, webauthn:extension:largeBlob: true, webauthn:virtualAuthenticators: true}
Session ID: 2ac7916dc2f8dcdee9727f0b634f9273" type="org.openqa.selenium.NoSuchElementException">
      <![CDATA[org.openqa.selenium.NoSuchElementException: no such element: Unable to locate element: {"method":"xpath","selector":" //*[contains(text(), 'password_mismatch:The two password fields didn�t match.')]"}
  (Session info: chrome=103.0.5060.53)
For documentation on this error, please visit: https://selenium.dev/exceptions/#no_such_element
Build info: version: '4.1.4', revision: '535d840ee2'
System info: host: 'ezhilvanans-mbp.lan', ip: 'fd17:1e2f:be87:0:1024:7538:52c9:871f%en0', os.name: 'Mac OS X', os.arch: 'x86_64', os.version: '10.16', java.version: '14.0.2'
Driver info: org.openqa.selenium.chrome.ChromeDriver
Command: [2ac7916dc2f8dcdee9727f0b634f9273, findElement {using=xpath, value= //*[contains(text(), 'password_mismatch:The two password fields didn�t match.')]}]
Capabilities {acceptInsecureCerts: false, browserName: chrome, browserVersion: 103.0.5060.53, chrome: {chromedriverVersion: 103.0.5060.53 (a1711811edd7..., userDataDir: /var/folders/gx/lmv3snzd457...}, goog:chromeOptions: {debuggerAddress: localhost:57056}, javascriptEnabled: true, networkConnectionEnabled: false, pageLoadStrategy: normal, platform: MAC, platformName: MAC, proxy: Proxy(), se:cdp: ws://localhost:57056/devtoo..., se:cdpVersion: 103.0.5060.53, setWindowRect: true, strictFileInteractability: false, timeouts: {implicit: 0, pageLoad: 300000, script: 30000}, unhandledPromptBehavior: dismiss and notify, webauthn:extension:credBlob: true, webauthn:extension:largeBlob: true, webauthn:virtualAuthenticators: true}
Session ID: 2ac7916dc2f8dcdee9727f0b634f9273
at java.base/jdk.internal.reflect.NativeConstructorAccessorImpl.newInstance0(Native Method)
at java.base/jdk.internal.reflect.NativeConstructorAccessorImpl.newInstance(NativeConstructorAccessorImpl.java:62)
at java.base/jdk.internal.reflect.DelegatingConstructorAccessorImpl.newInstance(DelegatingConstructorAccessorImpl.java:45)
at java.base/java.lang.reflect.Constructor.newInstanceWithCaller(Constructor.java:500)
at java.base/java.lang.reflect.Constructor.newInstance(Constructor.java:481)
at org.openqa.selenium.remote.codec.w3c.W3CHttpResponseCodec.createException(W3CHttpResponseCodec.java:200)
at org.openqa.selenium.remote.codec.w3c.W3CHttpResponseCodec.decode(W3CHttpResponseCodec.java:133)
at org.openqa.selenium.remote.codec.w3c.W3CHttpResponseCodec.decode(W3CHttpResponseCodec.java:53)
at org.openqa.selenium.remote.HttpCommandExecutor.execute(HttpCommandExecutor.java:184)
at org.openqa.selenium.remote.service.DriverCommandExecutor.invokeExecute(DriverCommandExecutor.java:167)
at org.openqa.selenium.remote.service.DriverCommandExecutor.execute(DriverCommandExecutor.java:142)
at org.openqa.selenium.remote.RemoteWebDriver.execute(RemoteWebDriver.java:567)
at org.openqa.selenium.remote.ElementLocation$ElementFinder$2.findElement(ElementLocation.java:162)
at org.openqa.selenium.remote.ElementLocation.findElement(ElementLocation.java:60)
at org.openqa.selenium.remote.RemoteWebDriver.findElement(RemoteWebDriver.java:385)
at org.openqa.selenium.remote.RemoteWebDriver.findElement(RemoteWebDriver.java:377)
at org.openqa.selenium.support.pagefactory.DefaultElementLocator.findElement(DefaultElementLocator.java:70)
at org.openqa.selenium.support.pagefactory.internal.LocatingElementHandler.invoke(LocatingElementHandler.java:39)
at com.sun.proxy.$Proxy27.getText(Unknown Source)
at pageClasses.Registerpageclass.passwordmismatcherror(Registerpageclass.java:95)
at stepDefinition.Reg.an_error_message_should_be_displayed_in_the_register_page(Reg.java:72)
at ✽.An error message "password mismatch" should be displayed in the register page(file:///Users/ezhilvanan/eclipse-workspace/SDET/DS_AlgoAll/src/test/resources/feature/Registerss.feature:33)
]]>
    </error>
  </testcase> <!-- runScenario -->
  <system-out/>
  <testcase classname="testRunner.AllureReport" name="runScenario" time="5.435"/>
  <system-out/>
  <testcase classname="testRunner.AllureReport" name="runScenario" time="4.761"/>
  <system-out/>
  <testcase classname="testRunner.AllureReport" name="runScenario" time="6.528"/>
  <system-out/>
  <testcase classname="testRunner.AllureReport" name="runScenario" time="4.594"/>
  <system-out/>
  <testcase classname="testRunner.AllureReport" name="runScenario" time="4.493"/>
  <system-out/>
  <testcase classname="testRunner.AllureReport" name="runScenario" time="1.996"/>
  <system-out/>
  <testcase classname="testRunner.AllureReport" name="runScenario" time="4.790">
    <error message="element not interactable
  (Session info: chrome=103.0.5060.53)
Build info: version: &#039;4.1.4&#039;, revision: &#039;535d840ee2&#039;
System info: host: &#039;ezhilvanans-mbp.lan&#039;, ip: &#039;fd17:1e2f:be87:0:1024:7538:52c9:871f%en0&#039;, os.name: &#039;Mac OS X&#039;, os.arch: &#039;x86_64&#039;, os.version: &#039;10.16&#039;, java.version: &#039;14.0.2&#039;
Driver info: org.openqa.selenium.chrome.ChromeDriver
Command: [d53bf8654fb497a3cdd66f888efb0c38, sendKeysToElement {id=69dd8941-e47e-4907-b31f-c2ddd944bc34, value=[Ljava.lang.CharSequence;@61d2f267}]
Capabilities {acceptInsecureCerts: false, browserName: chrome, browserVersion: 103.0.5060.53, chrome: {chromedriverVersion: 103.0.5060.53 (a1711811edd7..., userDataDir: /var/folders/gx/lmv3snzd457...}, goog:chromeOptions: {debuggerAddress: localhost:56965}, javascriptEnabled: true, networkConnectionEnabled: false, pageLoadStrategy: normal, platform: MAC, platformName: MAC, proxy: Proxy(), se:cdp: ws://localhost:56965/devtoo..., se:cdpVersion: 103.0.5060.53, setWindowRect: true, strictFileInteractability: false, timeouts: {implicit: 0, pageLoad: 300000, script: 30000}, unhandledPromptBehavior: dismiss and notify, webauthn:extension:credBlob: true, webauthn:extension:largeBlob: true, webauthn:virtualAuthenticators: true}
Element: [[ChromeDriver: chrome on MAC (d53bf8654fb497a3cdd66f888efb0c38)] -&gt; xpath: //pre[@class=&#039; CodeMirror-line &#039;]]
Session ID: d53bf8654fb497a3cdd66f888efb0c38" type="org.openqa.selenium.ElementNotInteractableException">
      <![CDATA[org.openqa.selenium.ElementNotInteractableException: element not interactable
  (Session info: chrome=103.0.5060.53)
Build info: version: '4.1.4', revision: '535d840ee2'
System info: host: 'ezhilvanans-mbp.lan', ip: 'fd17:1e2f:be87:0:1024:7538:52c9:871f%en0', os.name: 'Mac OS X', os.arch: 'x86_64', os.version: '10.16', java.version: '14.0.2'
Driver info: org.openqa.selenium.chrome.ChromeDriver
Command: [d53bf8654fb497a3cdd66f888efb0c38, sendKeysToElement {id=69dd8941-e47e-4907-b31f-c2ddd944bc34, value=[Ljava.lang.CharSequence;@61d2f267}]
Capabilities {acceptInsecureCerts: false, browserName: chrome, browserVersion: 103.0.5060.53, chrome: {chromedriverVersion: 103.0.5060.53 (a1711811edd7..., userDataDir: /var/folders/gx/lmv3snzd457...}, goog:chromeOptions: {debuggerAddress: localhost:56965}, javascriptEnabled: true, networkConnectionEnabled: false, pageLoadStrategy: normal, platform: MAC, platformName: MAC, proxy: Proxy(), se:cdp: ws://localhost:56965/devtoo..., se:cdpVersion: 103.0.5060.53, setWindowRect: true, strictFileInteractability: false, timeouts: {implicit: 0, pageLoad: 300000, script: 30000}, unhandledPromptBehavior: dismiss and notify, webauthn:extension:credBlob: true, webauthn:extension:largeBlob: true, webauthn:virtualAuthenticators: true}
Element: [[ChromeDriver: chrome on MAC (d53bf8654fb497a3cdd66f888efb0c38)] -> xpath: //pre[@class=' CodeMirror-line ']]
Session ID: d53bf8654fb497a3cdd66f888efb0c38
at java.base/jdk.internal.reflect.NativeConstructorAccessorImpl.newInstance0(Native Method)
at java.base/jdk.internal.reflect.NativeConstructorAccessorImpl.newInstance(NativeConstructorAccessorImpl.java:62)
at java.base/jdk.internal.reflect.DelegatingConstructorAccessorImpl.newInstance(DelegatingConstructorAccessorImpl.java:45)
at java.base/java.lang.reflect.Constructor.newInstanceWithCaller(Constructor.java:500)
at java.base/java.lang.reflect.Constructor.newInstance(Constructor.java:481)
at org.openqa.selenium.remote.codec.w3c.W3CHttpResponseCodec.createException(W3CHttpResponseCodec.java:200)
at org.openqa.selenium.remote.codec.w3c.W3CHttpResponseCodec.decode(W3CHttpResponseCodec.java:133)
at org.openqa.selenium.remote.codec.w3c.W3CHttpResponseCodec.decode(W3CHttpResponseCodec.java:53)
at org.openqa.selenium.remote.HttpCommandExecutor.execute(HttpCommandExecutor.java:184)
at org.openqa.selenium.remote.service.DriverCommandExecutor.invokeExecute(DriverCommandExecutor.java:167)
at org.openqa.selenium.remote.service.DriverCommandExecutor.execute(DriverCommandExecutor.java:142)
at org.openqa.selenium.remote.RemoteWebDriver.execute(RemoteWebDriver.java:567)
at org.openqa.selenium.remote.RemoteWebElement.execute(RemoteWebElement.java:251)
at org.openqa.selenium.remote.RemoteWebElement.sendKeys(RemoteWebElement.java:107)
at java.base/jdk.internal.reflect.NativeMethodAccessorImpl.invoke0(Native Method)
at java.base/jdk.internal.reflect.NativeMethodAccessorImpl.invoke(NativeMethodAccessorImpl.java:62)
at java.base/jdk.internal.reflect.DelegatingMethodAccessorImpl.invoke(DelegatingMethodAccessorImpl.java:43)
at java.base/java.lang.reflect.Method.invoke(Method.java:564)
at org.openqa.selenium.support.pagefactory.internal.LocatingElementHandler.invoke(LocatingElementHandler.java:52)
at com.sun.proxy.$Proxy27.sendKeys(Unknown Source)
at pageClasses.Datastrucintropageclass.tryeditorclick(Datastrucintropageclass.java:113)
at stepDefinition.Datastructureintro.the_user_enters_the_input_and_clicks_run(Datastructureintro.java:102)
at ✽.The user enters the input and clicks Run(file:///Users/ezhilvanan/eclipse-workspace/SDET/DS_AlgoAll/src/test/resources/feature/Datastructureintro.feature:52)
]]>
    </error>
  </testcase> <!-- runScenario -->
  <system-out/>
  <testcase classname="testRunner.AllureReport" name="runScenario" time="3.760"/>
  <system-out/>
  <testcase classname="testRunner.AllureReport" name="runScenario" time="5.291"/>
  <system-out/>
  <testcase classname="testRunner.AllureReport" name="runScenario" time="5.295"/>
  <system-out/>
  <testcase classname="testRunner.AllureReport" name="runScenario" time="2.321"/>
  <system-out/>
  <testcase classname="testRunner.AllureReport" name="runScenario" time="33.268">
    <error message="no such element: Unable to locate element: {&quot;method&quot;:&quot;xpath&quot;,&quot;selector&quot;:&quot; //*[contains(text(), &#039;password_mismatch:The two password fields didn�t match.&#039;)]&quot;}
  (Session info: chrome=103.0.5060.53)
For documentation on this error, please visit: https://selenium.dev/exceptions/#no_such_element
Build info: version: &#039;4.1.4&#039;, revision: &#039;535d840ee2&#039;
System info: host: &#039;ezhilvanans-mbp.lan&#039;, ip: &#039;fd17:1e2f:be87:0:1024:7538:52c9:871f%en0&#039;, os.name: &#039;Mac OS X&#039;, os.arch: &#039;x86_64&#039;, os.version: &#039;10.16&#039;, java.version: &#039;14.0.2&#039;
Driver info: org.openqa.selenium.chrome.ChromeDriver
Command: [b1eaeb4764f97fc8189c61d851ffbc59, findElement {using=xpath, value= //*[contains(text(), &#039;password_mismatch:The two password fields didn�t match.&#039;)]}]
Capabilities {acceptInsecureCerts: false, browserName: chrome, browserVersion: 103.0.5060.53, chrome: {chromedriverVersion: 103.0.5060.53 (a1711811edd7..., userDataDir: /var/folders/gx/lmv3snzd457...}, goog:chromeOptions: {debuggerAddress: localhost:57091}, javascriptEnabled: true, networkConnectionEnabled: false, pageLoadStrategy: normal, platform: MAC, platformName: MAC, proxy: Proxy(), se:cdp: ws://localhost:57091/devtoo..., se:cdpVersion: 103.0.5060.53, setWindowRect: true, strictFileInteractability: false, timeouts: {implicit: 0, pageLoad: 300000, script: 30000}, unhandledPromptBehavior: dismiss and notify, webauthn:extension:credBlob: true, webauthn:extension:largeBlob: true, webauthn:virtualAuthenticators: true}
Session ID: b1eaeb4764f97fc8189c61d851ffbc59" type="org.openqa.selenium.NoSuchElementException">
      <![CDATA[org.openqa.selenium.NoSuchElementException: no such element: Unable to locate element: {"method":"xpath","selector":" //*[contains(text(), 'password_mismatch:The two password fields didn�t match.')]"}
  (Session info: chrome=103.0.5060.53)
For documentation on this error, please visit: https://selenium.dev/exceptions/#no_such_element
Build info: version: '4.1.4', revision: '535d840ee2'
System info: host: 'ezhilvanans-mbp.lan', ip: 'fd17:1e2f:be87:0:1024:7538:52c9:871f%en0', os.name: 'Mac OS X', os.arch: 'x86_64', os.version: '10.16', java.version: '14.0.2'
Driver info: org.openqa.selenium.chrome.ChromeDriver
Command: [b1eaeb4764f97fc8189c61d851ffbc59, findElement {using=xpath, value= //*[contains(text(), 'password_mismatch:The two password fields didn�t match.')]}]
Capabilities {acceptInsecureCerts: false, browserName: chrome, browserVersion: 103.0.5060.53, chrome: {chromedriverVersion: 103.0.5060.53 (a1711811edd7..., userDataDir: /var/folders/gx/lmv3snzd457...}, goog:chromeOptions: {debuggerAddress: localhost:57091}, javascriptEnabled: true, networkConnectionEnabled: false, pageLoadStrategy: normal, platform: MAC, platformName: MAC, proxy: Proxy(), se:cdp: ws://localhost:57091/devtoo..., se:cdpVersion: 103.0.5060.53, setWindowRect: true, strictFileInteractability: false, timeouts: {implicit: 0, pageLoad: 300000, script: 30000}, unhandledPromptBehavior: dismiss and notify, webauthn:extension:credBlob: true, webauthn:extension:largeBlob: true, webauthn:virtualAuthenticators: true}
Session ID: b1eaeb4764f97fc8189c61d851ffbc59
at java.base/jdk.internal.reflect.NativeConstructorAccessorImpl.newInstance0(Native Method)
at java.base/jdk.internal.reflect.NativeConstructorAccessorImpl.newInstance(NativeConstructorAccessorImpl.java:62)
at java.base/jdk.internal.reflect.DelegatingConstructorAccessorImpl.newInstance(DelegatingConstructorAccessorImpl.java:45)
at java.base/java.lang.reflect.Constructor.newInstanceWithCaller(Constructor.java:500)
at java.base/java.lang.reflect.Constructor.newInstance(Constructor.java:481)
at org.openqa.selenium.remote.codec.w3c.W3CHttpResponseCodec.createException(W3CHttpResponseCodec.java:200)
at org.openqa.selenium.remote.codec.w3c.W3CHttpResponseCodec.decode(W3CHttpResponseCodec.java:133)
at org.openqa.selenium.remote.codec.w3c.W3CHttpResponseCodec.decode(W3CHttpResponseCodec.java:53)
at org.openqa.selenium.remote.HttpCommandExecutor.execute(HttpCommandExecutor.java:184)
at org.openqa.selenium.remote.service.DriverCommandExecutor.invokeExecute(DriverCommandExecutor.java:167)
at org.openqa.selenium.remote.service.DriverCommandExecutor.execute(DriverCommandExecutor.java:142)
at org.openqa.selenium.remote.RemoteWebDriver.execute(RemoteWebDriver.java:567)
at org.openqa.selenium.remote.ElementLocation$ElementFinder$2.findElement(ElementLocation.java:162)
at org.openqa.selenium.remote.ElementLocation.findElement(ElementLocation.java:60)
at org.openqa.selenium.remote.RemoteWebDriver.findElement(RemoteWebDriver.java:385)
at org.openqa.selenium.remote.RemoteWebDriver.findElement(RemoteWebDriver.java:377)
at org.openqa.selenium.support.pagefactory.DefaultElementLocator.findElement(DefaultElementLocator.java:70)
at org.openqa.selenium.support.pagefactory.internal.LocatingElementHandler.invoke(LocatingElementHandler.java:39)
at com.sun.proxy.$Proxy27.getText(Unknown Source)
at pageClasses.Registerpageclass.passwordmismatcherror(Registerpageclass.java:95)
at stepDefinition.Reg.an_error_message_should_be_displayed_in_the_register_page(Reg.java:72)
at ✽.An error message "password mismatch" should be displayed in the register page(file:///Users/ezhilvanan/eclipse-workspace/SDET/DS_AlgoAll/src/test/resources/feature/Registerss.feature:33)
]]>
    </error>
  </testcase> <!-- runScenario -->
  <system-out/>
  <testcase classname="testRunner.AllureReport" name="runScenario" time="4.567"/>
  <system-out/>
  <testcase classname="testRunner.AllureReport" name="runScenario" time="4.690"/>
  <system-out/>
  <testcase classname="testRunner.AllureReport" name="runScenario" time="5.046"/>
  <system-out/>
</testsuite> <!-- testRunner.AllureReport -->
